Oct 22, 2024 11:00:57 AM com.oop.cwk.TicketPool addTickets
INFO: Ticket No 1Added by 2
Oct 22, 2024 11:00:57 AM com.oop.cwk.TicketPool addTickets
INFO: Ticket No 1Added by 1
Oct 22, 2024 11:00:57 AM com.oop.cwk.TicketPool addTickets
INFO: Ticket No 1Added by 3
Oct 22, 2024 11:00:57 AM com.oop.cwk.TicketPool addTickets
INFO: Ticket No2
Oct 22, 2024 11:00:57 AM com.oop.cwk.TicketPool addTickets
INFO: Ticket No3
Oct 22, 2024 11:00:57 AM com.oop.cwk.TicketPool addTickets
INFO: Ticket No4
Oct 22, 2024 11:00:57 AM com.oop.cwk.TicketPool addTickets
INFO: Ticket No 4Added by 2
Oct 22, 2024 11:00:57 AM com.oop.cwk.TicketPool addTickets
INFO: Ticket No 4Added by 1
Oct 22, 2024 11:00:57 AM com.oop.cwk.TicketPool addTickets
INFO: Ticket No5
Oct 22, 2024 11:00:57 AM com.oop.cwk.TicketPool addTickets
INFO: Ticket No 5Added by 3
Oct 22, 2024 11:00:57 AM com.oop.cwk.TicketPool addTickets
INFO: Ticket No6
Oct 22, 2024 11:00:57 AM com.oop.cwk.TicketPool addTickets
INFO: Ticket No7
Oct 22, 2024 11:00:57 AM com.oop.cwk.TicketPool addTickets
INFO: Ticket No 7Added by 2
Oct 22, 2024 11:00:57 AM com.oop.cwk.TicketPool addTickets
INFO: Ticket No8
Oct 22, 2024 11:00:57 AM com.oop.cwk.TicketPool addTickets
INFO: Ticket No 8Added by 3
Oct 22, 2024 11:00:57 AM com.oop.cwk.TicketPool addTickets
INFO: Ticket No 8Added by 1
Oct 22, 2024 11:00:57 AM com.oop.cwk.TicketPool addTickets
INFO: Ticket No9
Oct 22, 2024 11:00:57 AM com.oop.cwk.TicketPool addTickets
INFO: Ticket No10
Oct 22, 2024 11:00:57 AM com.oop.cwk.TicketPool addTickets
INFO: Ticket No 10Added by 2
Oct 22, 2024 11:00:57 AM com.oop.cwk.TicketPool addTickets
INFO: Ticket No11
Oct 22, 2024 11:00:57 AM com.oop.cwk.TicketPool addTickets
INFO: Ticket No 11Added by 1
Oct 22, 2024 11:00:57 AM com.oop.cwk.TicketPool addTickets
INFO: Ticket No12
Oct 22, 2024 11:00:57 AM com.oop.cwk.TicketPool addTickets
INFO: Ticket No 12Added by 3
Oct 22, 2024 11:00:57 AM com.oop.cwk.TicketPool addTickets
INFO: Ticket No13
Oct 22, 2024 11:00:57 AM com.oop.cwk.TicketPool addTickets
INFO: Ticket No 13Added by 2
Oct 22, 2024 11:00:57 AM com.oop.cwk.TicketPool addTickets
INFO: Ticket No14
Oct 22, 2024 11:00:57 AM com.oop.cwk.TicketPool addTickets
INFO: Ticket No 14Added by 1
Oct 22, 2024 11:00:57 AM com.oop.cwk.TicketPool addTickets
INFO: Ticket No15
Oct 22, 2024 11:00:57 AM com.oop.cwk.TicketPool addTickets
INFO: Ticket No 15Added by 3
Oct 22, 2024 11:00:57 AM com.oop.cwk.TicketPool addTickets
INFO: Ticket No16
Oct 22, 2024 11:00:57 AM com.oop.cwk.TicketPool addTickets
INFO: Ticket No 16Added by 2
Oct 22, 2024 11:00:57 AM com.oop.cwk.TicketPool addTickets
INFO: Ticket No17
Oct 22, 2024 11:00:57 AM com.oop.cwk.TicketPool addTickets
INFO: Ticket No 17Added by 1
Oct 22, 2024 11:00:57 AM com.oop.cwk.TicketPool addTickets
INFO: Ticket No18
Oct 22, 2024 11:00:57 AM com.oop.cwk.TicketPool addTickets
INFO: Ticket No 18Added by 3
Oct 22, 2024 11:00:57 AM com.oop.cwk.TicketPool addTickets
INFO: Ticket No19
Oct 22, 2024 11:00:57 AM com.oop.cwk.TicketPool addTickets
INFO: Ticket No 19Added by 3
Oct 22, 2024 11:00:57 AM com.oop.cwk.TicketPool addTickets
INFO: Ticket No20
Oct 22, 2024 11:00:57 AM com.oop.cwk.TicketPool addTickets
INFO: Ticket No 19Added by 2
Oct 22, 2024 11:00:57 AM com.oop.cwk.TicketPool addTickets
INFO: Ticket No 19Added by 1
Oct 22, 2024 11:00:57 AM com.oop.cwk.TicketPool addTickets
INFO: Ticket No21
Oct 22, 2024 11:00:57 AM com.oop.cwk.TicketPool addTickets
INFO: Ticket No22
Oct 22, 2024 11:00:57 AM com.oop.cwk.TicketPool addTickets
INFO: Ticket No 22Added by 2
Oct 22, 2024 11:00:57 AM com.oop.cwk.TicketPool addTickets
INFO: Ticket No 22Added by 3
Oct 22, 2024 11:00:57 AM com.oop.cwk.TicketPool addTickets
INFO: Ticket No 22Added by 1
Oct 22, 2024 11:00:57 AM com.oop.cwk.TicketPool addTickets
INFO: Ticket No23
Oct 22, 2024 11:00:57 AM com.oop.cwk.TicketPool addTickets
INFO: Ticket No24
Oct 22, 2024 11:00:57 AM com.oop.cwk.TicketPool addTickets
INFO: Ticket No25
Oct 22, 2024 11:00:57 AM com.oop.cwk.TicketPool addTickets
INFO: Ticket No 25Added by 2
Oct 22, 2024 11:00:57 AM com.oop.cwk.TicketPool addTickets
INFO: Ticket No 25Added by 1
Oct 22, 2024 11:00:57 AM com.oop.cwk.TicketPool addTickets
INFO: Ticket No27
Oct 22, 2024 11:00:57 AM com.oop.cwk.TicketPool addTickets
INFO: Ticket No 25Added by 3
Oct 22, 2024 11:00:57 AM com.oop.cwk.TicketPool addTickets
INFO: Ticket No26
Oct 22, 2024 11:00:57 AM com.oop.cwk.TicketPool addTickets
INFO: Ticket No28
Oct 22, 2024 11:00:58 AM com.oop.cwk.TicketPool addTickets
INFO: Ticket No 28Added by 1
Oct 22, 2024 11:00:58 AM com.oop.cwk.TicketPool addTickets
INFO: Ticket No 28Added by 2
Oct 22, 2024 11:00:58 AM com.oop.cwk.TicketPool addTickets
INFO: Ticket No 28Added by 3
Oct 22, 2024 11:00:58 AM com.oop.cwk.TicketPool addTickets
INFO: Ticket No29
Oct 22, 2024 11:00:58 AM com.oop.cwk.TicketPool addTickets
INFO: Ticket No30
Oct 22, 2024 11:00:58 AM com.oop.cwk.TicketPool addTickets
INFO: Ticket No31
Oct 22, 2024 11:00:58 AM com.oop.cwk.TicketPool addTickets
INFO: Ticket No 31Added by 2
Oct 22, 2024 11:00:58 AM com.oop.cwk.TicketPool addTickets
INFO: Ticket No 31Added by 1
Oct 22, 2024 11:00:58 AM com.oop.cwk.TicketPool addTickets
INFO: Ticket No33
Oct 22, 2024 11:00:58 AM com.oop.cwk.TicketPool addTickets
INFO: Ticket No 31Added by 3
Oct 22, 2024 11:00:58 AM com.oop.cwk.TicketPool addTickets
INFO: Ticket No32
Oct 22, 2024 11:00:58 AM com.oop.cwk.TicketPool addTickets
INFO: Ticket No34
Oct 22, 2024 11:00:58 AM com.oop.cwk.TicketPool addTickets
INFO: Ticket No 34Added by 2
Oct 22, 2024 11:00:58 AM com.oop.cwk.TicketPool addTickets
INFO: Ticket No 34Added by 3
Oct 22, 2024 11:00:58 AM com.oop.cwk.TicketPool addTickets
INFO: Ticket No 34Added by 1
Oct 22, 2024 11:00:58 AM com.oop.cwk.TicketPool addTickets
INFO: Ticket No35
Oct 22, 2024 11:00:58 AM com.oop.cwk.TicketPool addTickets
INFO: Ticket No36
Oct 22, 2024 11:00:58 AM com.oop.cwk.TicketPool addTickets
INFO: Ticket No37
Oct 22, 2024 11:00:59 AM com.oop.cwk.TicketPool addTickets
INFO: Ticket No 37Added by 1
Oct 22, 2024 11:00:59 AM com.oop.cwk.TicketPool addTickets
INFO: Ticket No38
Oct 22, 2024 11:00:59 AM com.oop.cwk.TicketPool addTickets
INFO: Ticket No 37Added by 2
Oct 22, 2024 11:00:59 AM com.oop.cwk.TicketPool addTickets
INFO: Ticket No39
Oct 22, 2024 11:00:59 AM com.oop.cwk.TicketPool addTickets
INFO: Ticket No 39Added by 3
Oct 22, 2024 11:00:59 AM com.oop.cwk.TicketPool addTickets
INFO: Ticket No40
Oct 22, 2024 11:00:59 AM com.oop.cwk.TicketPool addTickets
INFO: Ticket No 40Added by 1
Oct 22, 2024 11:00:59 AM com.oop.cwk.TicketPool addTickets
INFO: Ticket No 40Added by 2
Oct 22, 2024 11:00:59 AM com.oop.cwk.TicketPool addTickets
INFO: Ticket No 40Added by 3
Oct 22, 2024 11:00:59 AM com.oop.cwk.TicketPool addTickets
INFO: Ticket No41
Oct 22, 2024 11:00:59 AM com.oop.cwk.TicketPool addTickets
INFO: Ticket No42
Oct 22, 2024 11:00:59 AM com.oop.cwk.TicketPool addTickets
INFO: Ticket No43
Oct 22, 2024 11:00:59 AM com.oop.cwk.TicketPool addTickets
INFO: Ticket No 43Added by 3
Oct 22, 2024 11:00:59 AM com.oop.cwk.TicketPool addTickets
INFO: Ticket No 43Added by 2
Oct 22, 2024 11:00:59 AM com.oop.cwk.TicketPool addTickets
INFO: Ticket No 43Added by 1
Oct 22, 2024 11:00:59 AM com.oop.cwk.TicketPool addTickets
INFO: Ticket No44
Oct 22, 2024 11:00:59 AM com.oop.cwk.TicketPool addTickets
INFO: Ticket No45
Oct 22, 2024 11:00:59 AM com.oop.cwk.TicketPool addTickets
INFO: Ticket No46
Oct 22, 2024 11:00:59 AM com.oop.cwk.TicketPool addTickets
INFO: Ticket No 46Added by 2
Oct 22, 2024 11:00:59 AM com.oop.cwk.TicketPool addTickets
INFO: Ticket No 46Added by 3
Oct 22, 2024 11:00:59 AM com.oop.cwk.TicketPool addTickets
INFO: Ticket No48
Oct 22, 2024 11:00:59 AM com.oop.cwk.TicketPool addTickets
INFO: Ticket No 46Added by 1
Oct 22, 2024 11:00:59 AM com.oop.cwk.TicketPool addTickets
INFO: Ticket No48
Oct 22, 2024 11:00:59 AM com.oop.cwk.TicketPool addTickets
INFO: Ticket No49
Oct 22, 2024 11:00:59 AM com.oop.cwk.TicketPool addTickets
INFO: Ticket No 49Added by 3
Oct 22, 2024 11:00:59 AM com.oop.cwk.TicketPool addTickets
INFO: Ticket No 49Added by 1
Oct 22, 2024 11:00:59 AM com.oop.cwk.TicketPool addTickets
INFO: Ticket No 49Added by 2
Oct 22, 2024 11:00:59 AM com.oop.cwk.TicketPool addTickets
INFO: Ticket No50
Oct 22, 2024 11:00:59 AM com.oop.cwk.TicketPool addTickets
INFO: Ticket No52
Oct 22, 2024 11:00:59 AM com.oop.cwk.TicketPool addTickets
INFO: Ticket No51
Oct 22, 2024 11:00:59 AM com.oop.cwk.TicketPool addTickets
INFO: Ticket No 52Added by 3
Oct 22, 2024 11:00:59 AM com.oop.cwk.TicketPool addTickets
INFO: Ticket No 52Added by 1
Oct 22, 2024 11:00:59 AM com.oop.cwk.TicketPool addTickets
INFO: Ticket No 52Added by 2
Oct 22, 2024 11:00:59 AM com.oop.cwk.TicketPool addTickets
INFO: Ticket No53
Oct 22, 2024 11:00:59 AM com.oop.cwk.TicketPool addTickets
INFO: Ticket No54
Oct 22, 2024 11:00:59 AM com.oop.cwk.TicketPool addTickets
INFO: Ticket No55
Oct 22, 2024 11:01:00 AM com.oop.cwk.TicketPool addTickets
INFO: Ticket No 55Added by 3
Oct 22, 2024 11:01:00 AM com.oop.cwk.TicketPool addTickets
INFO: Ticket No 55Added by 1
Oct 22, 2024 11:01:00 AM com.oop.cwk.TicketPool addTickets
INFO: Ticket No 55Added by 2
Oct 22, 2024 11:01:00 AM com.oop.cwk.TicketPool addTickets
INFO: Ticket No56
Oct 22, 2024 11:01:00 AM com.oop.cwk.TicketPool addTickets
INFO: Ticket No57
Oct 22, 2024 11:01:00 AM com.oop.cwk.TicketPool addTickets
INFO: Ticket No58
Oct 22, 2024 11:01:00 AM com.oop.cwk.TicketPool addTickets
INFO: Ticket No 58Added by 1
Oct 22, 2024 11:01:00 AM com.oop.cwk.TicketPool addTickets
INFO: Ticket No 58Added by 2
Oct 22, 2024 11:01:00 AM com.oop.cwk.TicketPool addTickets
INFO: Ticket No 58Added by 3
Oct 22, 2024 11:01:00 AM com.oop.cwk.TicketPool addTickets
INFO: Ticket No59
Oct 22, 2024 11:01:00 AM com.oop.cwk.TicketPool addTickets
INFO: Ticket No60
Oct 22, 2024 11:01:00 AM com.oop.cwk.TicketPool addTickets
INFO: Ticket No61
Oct 22, 2024 11:01:00 AM com.oop.cwk.TicketPool addTickets
INFO: Ticket No 61Added by 3
Oct 22, 2024 11:01:00 AM com.oop.cwk.TicketPool addTickets
INFO: Ticket No 61Added by 1
Oct 22, 2024 11:01:00 AM com.oop.cwk.TicketPool addTickets
INFO: Ticket No 61Added by 2
Oct 22, 2024 11:01:00 AM com.oop.cwk.TicketPool addTickets
INFO: Ticket No62
Oct 22, 2024 11:01:00 AM com.oop.cwk.TicketPool addTickets
INFO: Ticket No63
Oct 22, 2024 11:01:00 AM com.oop.cwk.TicketPool addTickets
INFO: Ticket No64
Oct 22, 2024 11:01:00 AM com.oop.cwk.TicketPool addTickets
INFO: Ticket No 64Added by 3
Oct 22, 2024 11:01:00 AM com.oop.cwk.TicketPool addTickets
INFO: Ticket No 64Added by 1
Oct 22, 2024 11:01:00 AM com.oop.cwk.TicketPool addTickets
INFO: Ticket No 64Added by 2
Oct 22, 2024 11:01:00 AM com.oop.cwk.TicketPool addTickets
INFO: Ticket No65
Oct 22, 2024 11:01:00 AM com.oop.cwk.TicketPool addTickets
INFO: Ticket No66
Oct 22, 2024 11:01:00 AM com.oop.cwk.TicketPool addTickets
INFO: Ticket No67
Oct 22, 2024 11:01:00 AM com.oop.cwk.TicketPool addTickets
INFO: Ticket No 67Added by 1
Oct 22, 2024 11:01:00 AM com.oop.cwk.TicketPool addTickets
INFO: Ticket No 67Added by 2
Oct 22, 2024 11:01:00 AM com.oop.cwk.TicketPool addTickets
INFO: Ticket No69
Oct 22, 2024 11:01:00 AM com.oop.cwk.TicketPool addTickets
INFO: Ticket No68
Oct 22, 2024 11:01:00 AM com.oop.cwk.TicketPool addTickets
INFO: Ticket No 69Added by 3
Oct 22, 2024 11:01:00 AM com.oop.cwk.TicketPool addTickets
INFO: Ticket No70
Oct 22, 2024 11:01:00 AM com.oop.cwk.TicketPool addTickets
INFO: Ticket No 70Added by 3
Oct 22, 2024 11:01:00 AM com.oop.cwk.TicketPool addTickets
INFO: Ticket No 70Added by 1
Oct 22, 2024 11:01:00 AM com.oop.cwk.TicketPool addTickets
INFO: Ticket No 70Added by 2
Oct 22, 2024 11:01:00 AM com.oop.cwk.TicketPool addTickets
INFO: Ticket No73
Oct 22, 2024 11:01:00 AM com.oop.cwk.TicketPool addTickets
INFO: Ticket No71
Oct 22, 2024 11:01:00 AM com.oop.cwk.TicketPool addTickets
INFO: Ticket No72
Oct 22, 2024 11:01:01 AM com.oop.cwk.TicketPool addTickets
INFO: Ticket No 73Added by 3
Oct 22, 2024 11:01:01 AM com.oop.cwk.TicketPool addTickets
INFO: Ticket No 74Added by 2
Oct 22, 2024 11:01:01 AM com.oop.cwk.TicketPool addTickets
INFO: Ticket No74
Oct 22, 2024 11:01:01 AM com.oop.cwk.TicketPool addTickets
INFO: Ticket No75
Oct 22, 2024 11:01:01 AM com.oop.cwk.TicketPool addTickets
INFO: Ticket No 75Added by 1
Oct 22, 2024 11:01:01 AM com.oop.cwk.TicketPool addTickets
INFO: Ticket No76
Oct 22, 2024 11:01:01 AM com.oop.cwk.TicketPool addTickets
INFO: Ticket No 76Added by 3
Oct 22, 2024 11:01:01 AM com.oop.cwk.TicketPool addTickets
INFO: Ticket No 76Added by 1
Oct 22, 2024 11:01:01 AM com.oop.cwk.TicketPool addTickets
INFO: Ticket No78
Oct 22, 2024 11:01:01 AM com.oop.cwk.TicketPool addTickets
INFO: Ticket No 76Added by 2
Oct 22, 2024 11:01:01 AM com.oop.cwk.TicketPool addTickets
INFO: Ticket No79
Oct 22, 2024 11:01:01 AM com.oop.cwk.TicketPool addTickets
INFO: Ticket No77
Oct 22, 2024 11:01:01 AM com.oop.cwk.TicketPool addTickets
INFO: Ticket No 79Added by 2
Oct 22, 2024 11:01:01 AM com.oop.cwk.TicketPool addTickets
INFO: Ticket No 79Added by 1
Oct 22, 2024 11:01:01 AM com.oop.cwk.TicketPool addTickets
INFO: Ticket No 79Added by 3
Oct 22, 2024 11:01:01 AM com.oop.cwk.TicketPool addTickets
INFO: Ticket No82
Oct 22, 2024 11:01:01 AM com.oop.cwk.TicketPool addTickets
INFO: Ticket No80
Oct 22, 2024 11:01:01 AM com.oop.cwk.TicketPool addTickets
INFO: Ticket No81
Oct 22, 2024 11:01:02 AM com.oop.cwk.TicketPool addTickets
INFO: Ticket No 82Added by 3
Oct 22, 2024 11:01:02 AM com.oop.cwk.TicketPool addTickets
INFO: Ticket No83
Oct 22, 2024 11:01:02 AM com.oop.cwk.TicketPool addTickets
INFO: Ticket No 83Added by 2
Oct 22, 2024 11:01:02 AM com.oop.cwk.TicketPool addTickets
INFO: Ticket No84
Oct 22, 2024 11:01:02 AM com.oop.cwk.TicketPool addTickets
INFO: Ticket No 84Added by 1
Oct 22, 2024 11:01:02 AM com.oop.cwk.TicketPool addTickets
INFO: Ticket No85
Oct 22, 2024 11:01:02 AM com.oop.cwk.TicketPool addTickets
INFO: Ticket No 85Added by 2
Oct 22, 2024 11:01:02 AM com.oop.cwk.TicketPool addTickets
INFO: Ticket No 85Added by 3
Oct 22, 2024 11:01:02 AM com.oop.cwk.TicketPool addTickets
INFO: Ticket No87
Oct 22, 2024 11:01:02 AM com.oop.cwk.TicketPool addTickets
INFO: Ticket No 85Added by 1
Oct 22, 2024 11:01:02 AM com.oop.cwk.TicketPool addTickets
INFO: Ticket No86
Oct 22, 2024 11:01:02 AM com.oop.cwk.TicketPool addTickets
INFO: Ticket No88
Oct 22, 2024 11:01:02 AM com.oop.cwk.TicketPool addTickets
INFO: Ticket No 88Added by 1
Oct 22, 2024 11:01:02 AM com.oop.cwk.TicketPool addTickets
INFO: Ticket No 88Added by 3
Oct 22, 2024 11:01:02 AM com.oop.cwk.TicketPool addTickets
INFO: Ticket No 88Added by 2
Oct 22, 2024 11:01:02 AM com.oop.cwk.TicketPool addTickets
INFO: Ticket No90
Oct 22, 2024 11:01:02 AM com.oop.cwk.TicketPool addTickets
INFO: Ticket No90
Oct 22, 2024 11:01:02 AM com.oop.cwk.TicketPool addTickets
INFO: Ticket No91
Oct 22, 2024 11:01:54 AM com.oop.cwk.TicketPool addTickets
INFO: Ticket No 1Added by 1
Oct 22, 2024 11:01:54 AM com.oop.cwk.TicketPool addTickets
INFO: Ticket No 1Added by 3
Oct 22, 2024 11:01:54 AM com.oop.cwk.TicketPool addTickets
INFO: Ticket No 1Added by 2
Oct 22, 2024 11:01:54 AM com.oop.cwk.TicketPool addTickets
INFO: Ticket No2
Oct 22, 2024 11:01:54 AM com.oop.cwk.TicketPool addTickets
INFO: Ticket No2
Oct 22, 2024 11:01:54 AM com.oop.cwk.TicketPool addTickets
INFO: Ticket No2
Oct 22, 2024 11:01:54 AM com.oop.cwk.TicketPool addTickets
INFO: Ticket No 2Added by 1
Oct 22, 2024 11:01:54 AM com.oop.cwk.TicketPool addTickets
INFO: Ticket No3
Oct 22, 2024 11:01:54 AM com.oop.cwk.TicketPool addTickets
INFO: Ticket No 2Added by 3
Oct 22, 2024 11:01:54 AM com.oop.cwk.TicketPool addTickets
INFO: Ticket No3
Oct 22, 2024 11:01:54 AM com.oop.cwk.TicketPool addTickets
INFO: Ticket No 2Added by 2
Oct 22, 2024 11:01:54 AM com.oop.cwk.TicketPool addTickets
INFO: Ticket No3
Oct 22, 2024 11:01:54 AM com.oop.cwk.TicketPool addTickets
INFO: Ticket No 3Added by 1
Oct 22, 2024 11:01:54 AM com.oop.cwk.TicketPool addTickets
INFO: Ticket No 3Added by 3
Oct 22, 2024 11:01:54 AM com.oop.cwk.TicketPool addTickets
INFO: Ticket No4
Oct 22, 2024 11:01:54 AM com.oop.cwk.TicketPool addTickets
INFO: Ticket No4
Oct 22, 2024 11:01:54 AM com.oop.cwk.TicketPool addTickets
INFO: Ticket No 3Added by 2
Oct 22, 2024 11:01:54 AM com.oop.cwk.TicketPool addTickets
INFO: Ticket No4
Oct 22, 2024 11:01:54 AM com.oop.cwk.TicketPool addTickets
INFO: Ticket No 4Added by 1
Oct 22, 2024 11:01:54 AM com.oop.cwk.TicketPool addTickets
INFO: Ticket No 4Added by 3
Oct 22, 2024 11:01:54 AM com.oop.cwk.TicketPool addTickets
INFO: Ticket No5
Oct 22, 2024 11:01:54 AM com.oop.cwk.TicketPool addTickets
INFO: Ticket No5
Oct 22, 2024 11:01:54 AM com.oop.cwk.TicketPool addTickets
INFO: Ticket No 4Added by 2
Oct 22, 2024 11:01:54 AM com.oop.cwk.TicketPool addTickets
INFO: Ticket No5
Oct 22, 2024 11:01:54 AM com.oop.cwk.TicketPool addTickets
INFO: Ticket No 5Added by 3
Oct 22, 2024 11:01:54 AM com.oop.cwk.TicketPool addTickets
INFO: Ticket No 5Added by 1
Oct 22, 2024 11:01:54 AM com.oop.cwk.TicketPool addTickets
INFO: Ticket No6
Oct 22, 2024 11:01:54 AM com.oop.cwk.TicketPool addTickets
INFO: Ticket No6
Oct 22, 2024 11:01:54 AM com.oop.cwk.TicketPool addTickets
INFO: Ticket No 5Added by 2
Oct 22, 2024 11:01:54 AM com.oop.cwk.TicketPool addTickets
INFO: Ticket No6
Oct 22, 2024 11:01:55 AM com.oop.cwk.TicketPool addTickets
INFO: Ticket No 6Added by 3
Oct 22, 2024 11:01:55 AM com.oop.cwk.TicketPool addTickets
INFO: Ticket No 6Added by 1
Oct 22, 2024 11:01:55 AM com.oop.cwk.TicketPool addTickets
INFO: Ticket No7
Oct 22, 2024 11:01:55 AM com.oop.cwk.TicketPool addTickets
INFO: Ticket No7
Oct 22, 2024 11:01:55 AM com.oop.cwk.TicketPool addTickets
INFO: Ticket No 6Added by 2
Oct 22, 2024 11:01:55 AM com.oop.cwk.TicketPool addTickets
INFO: Ticket No7
Oct 22, 2024 11:01:55 AM com.oop.cwk.TicketPool addTickets
INFO: Ticket No 7Added by 3
Oct 22, 2024 11:01:55 AM com.oop.cwk.TicketPool addTickets
INFO: Ticket No 7Added by 1
Oct 22, 2024 11:01:55 AM com.oop.cwk.TicketPool addTickets
INFO: Ticket No8
Oct 22, 2024 11:01:55 AM com.oop.cwk.TicketPool addTickets
INFO: Ticket No 7Added by 2
Oct 22, 2024 11:01:55 AM com.oop.cwk.TicketPool addTickets
INFO: Ticket No8
Oct 22, 2024 11:01:55 AM com.oop.cwk.TicketPool addTickets
INFO: Ticket No8
Oct 22, 2024 11:01:55 AM com.oop.cwk.TicketPool addTickets
INFO: Ticket No 8Added by 2
Oct 22, 2024 11:01:55 AM com.oop.cwk.TicketPool addTickets
INFO: Ticket No 8Added by 3
Oct 22, 2024 11:01:55 AM com.oop.cwk.TicketPool addTickets
INFO: Ticket No 8Added by 1
Oct 22, 2024 11:01:55 AM com.oop.cwk.TicketPool addTickets
INFO: Ticket No9
Oct 22, 2024 11:01:55 AM com.oop.cwk.TicketPool addTickets
INFO: Ticket No9
Oct 22, 2024 11:01:55 AM com.oop.cwk.TicketPool addTickets
INFO: Ticket No9
Oct 22, 2024 11:01:55 AM com.oop.cwk.TicketPool addTickets
INFO: Ticket No 9Added by 3
Oct 22, 2024 11:01:55 AM com.oop.cwk.TicketPool addTickets
INFO: Ticket No 9Added by 1
Oct 22, 2024 11:01:55 AM com.oop.cwk.TicketPool addTickets
INFO: Ticket No 9Added by 2
Oct 22, 2024 11:01:55 AM com.oop.cwk.TicketPool addTickets
INFO: Ticket No10
Oct 22, 2024 11:01:55 AM com.oop.cwk.TicketPool addTickets
INFO: Ticket No10
Oct 22, 2024 11:01:55 AM com.oop.cwk.TicketPool addTickets
INFO: Ticket No10
Oct 22, 2024 11:01:55 AM com.oop.cwk.TicketPool addTickets
INFO: Ticket No 10Added by 3
Oct 22, 2024 11:01:55 AM com.oop.cwk.TicketPool addTickets
INFO: Ticket No 10Added by 1
Oct 22, 2024 11:01:55 AM com.oop.cwk.TicketPool addTickets
INFO: Ticket No11
Oct 22, 2024 11:01:55 AM com.oop.cwk.TicketPool addTickets
INFO: Ticket No 10Added by 2
Oct 22, 2024 11:01:55 AM com.oop.cwk.TicketPool addTickets
INFO: Ticket No11
Oct 22, 2024 11:01:55 AM com.oop.cwk.TicketPool addTickets
INFO: Ticket No11
Oct 22, 2024 11:01:55 AM com.oop.cwk.TicketPool addTickets
INFO: Ticket No 11Added by 2
Oct 22, 2024 11:01:55 AM com.oop.cwk.TicketPool addTickets
INFO: Ticket No 11Added by 3
Oct 22, 2024 11:01:55 AM com.oop.cwk.TicketPool addTickets
INFO: Ticket No 11Added by 1
Oct 22, 2024 11:01:55 AM com.oop.cwk.TicketPool addTickets
INFO: Ticket No12
Oct 22, 2024 11:01:55 AM com.oop.cwk.TicketPool addTickets
INFO: Ticket No12
Oct 22, 2024 11:01:55 AM com.oop.cwk.TicketPool addTickets
INFO: Ticket No12
Oct 22, 2024 11:01:55 AM com.oop.cwk.TicketPool addTickets
INFO: Ticket No 12Added by 1
Oct 22, 2024 11:01:55 AM com.oop.cwk.TicketPool addTickets
INFO: Ticket No 12Added by 2
Oct 22, 2024 11:01:55 AM com.oop.cwk.TicketPool addTickets
INFO: Ticket No 12Added by 3
Oct 22, 2024 11:01:55 AM com.oop.cwk.TicketPool addTickets
INFO: Ticket No13
Oct 22, 2024 11:01:55 AM com.oop.cwk.TicketPool addTickets
INFO: Ticket No13
Oct 22, 2024 11:01:55 AM com.oop.cwk.TicketPool addTickets
INFO: Ticket No13
Oct 22, 2024 11:01:56 AM com.oop.cwk.TicketPool addTickets
INFO: Ticket No 13Added by 2
Oct 22, 2024 11:01:56 AM com.oop.cwk.TicketPool addTickets
INFO: Ticket No 13Added by 1
Oct 22, 2024 11:01:56 AM com.oop.cwk.TicketPool addTickets
INFO: Ticket No 13Added by 3
Oct 22, 2024 11:01:56 AM com.oop.cwk.TicketPool addTickets
INFO: Ticket No14
Oct 22, 2024 11:01:56 AM com.oop.cwk.TicketPool addTickets
INFO: Ticket No14
Oct 22, 2024 11:01:56 AM com.oop.cwk.TicketPool addTickets
INFO: Ticket No14
Oct 22, 2024 11:01:56 AM com.oop.cwk.TicketPool addTickets
INFO: Ticket No 14Added by 3
Oct 22, 2024 11:01:56 AM com.oop.cwk.TicketPool addTickets
INFO: Ticket No 14Added by 1
Oct 22, 2024 11:01:56 AM com.oop.cwk.TicketPool addTickets
INFO: Ticket No 14Added by 2
Oct 22, 2024 11:01:56 AM com.oop.cwk.TicketPool addTickets
INFO: Ticket No15
Oct 22, 2024 11:01:56 AM com.oop.cwk.TicketPool addTickets
INFO: Ticket No15
Oct 22, 2024 11:01:56 AM com.oop.cwk.TicketPool addTickets
INFO: Ticket No15
Oct 22, 2024 11:01:57 AM com.oop.cwk.TicketPool addTickets
INFO: Ticket No 15Added by 3
Oct 22, 2024 11:01:57 AM com.oop.cwk.TicketPool addTickets
INFO: Ticket No 15Added by 2
Oct 22, 2024 11:01:57 AM com.oop.cwk.TicketPool addTickets
INFO: Ticket No 15Added by 1
Oct 22, 2024 11:01:57 AM com.oop.cwk.TicketPool addTickets
INFO: Ticket No16
Oct 22, 2024 11:01:57 AM com.oop.cwk.TicketPool addTickets
INFO: Ticket No16
Oct 22, 2024 11:01:57 AM com.oop.cwk.TicketPool addTickets
INFO: Ticket No16
Oct 22, 2024 11:01:57 AM com.oop.cwk.TicketPool addTickets
INFO: Ticket No 16Added by 2
Oct 22, 2024 11:01:57 AM com.oop.cwk.TicketPool addTickets
INFO: Ticket No 16Added by 3
Oct 22, 2024 11:01:57 AM com.oop.cwk.TicketPool addTickets
INFO: Ticket No 16Added by 1
Oct 22, 2024 11:01:57 AM com.oop.cwk.TicketPool addTickets
INFO: Ticket No17
Oct 22, 2024 11:01:57 AM com.oop.cwk.TicketPool addTickets
INFO: Ticket No17
Oct 22, 2024 11:01:57 AM com.oop.cwk.TicketPool addTickets
INFO: Ticket No17
Oct 22, 2024 11:01:57 AM com.oop.cwk.TicketPool addTickets
INFO: Ticket No 17Added by 3
Oct 22, 2024 11:01:57 AM com.oop.cwk.TicketPool addTickets
INFO: Ticket No 17Added by 2
Oct 22, 2024 11:01:57 AM com.oop.cwk.TicketPool addTickets
INFO: Ticket No 17Added by 1
Oct 22, 2024 11:01:57 AM com.oop.cwk.TicketPool addTickets
INFO: Ticket No18
Oct 22, 2024 11:01:57 AM com.oop.cwk.TicketPool addTickets
INFO: Ticket No18
Oct 22, 2024 11:01:57 AM com.oop.cwk.TicketPool addTickets
INFO: Ticket No18
Oct 22, 2024 11:01:57 AM com.oop.cwk.TicketPool addTickets
INFO: Ticket No 18Added by 1
Oct 22, 2024 11:01:57 AM com.oop.cwk.TicketPool addTickets
INFO: Ticket No19
Oct 22, 2024 11:01:57 AM com.oop.cwk.TicketPool addTickets
INFO: Ticket No 18Added by 2
Oct 22, 2024 11:01:57 AM com.oop.cwk.TicketPool addTickets
INFO: Ticket No 18Added by 3
Oct 22, 2024 11:01:57 AM com.oop.cwk.TicketPool addTickets
INFO: Ticket No19
Oct 22, 2024 11:01:57 AM com.oop.cwk.TicketPool addTickets
INFO: Ticket No19
Oct 22, 2024 11:01:57 AM com.oop.cwk.TicketPool addTickets
INFO: Ticket No 19Added by 3
Oct 22, 2024 11:01:57 AM com.oop.cwk.TicketPool addTickets
INFO: Ticket No 19Added by 2
Oct 22, 2024 11:01:57 AM com.oop.cwk.TicketPool addTickets
INFO: Ticket No 19Added by 1
Oct 22, 2024 11:01:57 AM com.oop.cwk.TicketPool addTickets
INFO: Ticket No20
Oct 22, 2024 11:01:57 AM com.oop.cwk.TicketPool addTickets
INFO: Ticket No20
Oct 22, 2024 11:01:57 AM com.oop.cwk.TicketPool addTickets
INFO: Ticket No20
Oct 22, 2024 11:01:57 AM com.oop.cwk.TicketPool addTickets
INFO: Ticket No 20Added by 1
Oct 22, 2024 11:01:57 AM com.oop.cwk.TicketPool addTickets
INFO: Ticket No 20Added by 2
Oct 22, 2024 11:01:57 AM com.oop.cwk.TicketPool addTickets
INFO: Ticket No 20Added by 3
Oct 22, 2024 11:01:57 AM com.oop.cwk.TicketPool addTickets
INFO: Ticket No21
Oct 22, 2024 11:01:57 AM com.oop.cwk.TicketPool addTickets
INFO: Ticket No21
Oct 22, 2024 11:01:57 AM com.oop.cwk.TicketPool addTickets
INFO: Ticket No21
Oct 22, 2024 11:01:57 AM com.oop.cwk.TicketPool addTickets
INFO: Ticket No 21Added by 1
Oct 22, 2024 11:01:57 AM com.oop.cwk.TicketPool addTickets
INFO: Ticket No 21Added by 2
Oct 22, 2024 11:01:57 AM com.oop.cwk.TicketPool addTickets
INFO: Ticket No 21Added by 3
Oct 22, 2024 11:01:57 AM com.oop.cwk.TicketPool addTickets
INFO: Ticket No22
Oct 22, 2024 11:01:57 AM com.oop.cwk.TicketPool addTickets
INFO: Ticket No22
Oct 22, 2024 11:01:57 AM com.oop.cwk.TicketPool addTickets
INFO: Ticket No22
Oct 22, 2024 11:01:57 AM com.oop.cwk.TicketPool addTickets
INFO: Ticket No 22Added by 1
Oct 22, 2024 11:01:57 AM com.oop.cwk.TicketPool addTickets
INFO: Ticket No 22Added by 2
Oct 22, 2024 11:01:57 AM com.oop.cwk.TicketPool addTickets
INFO: Ticket No 22Added by 3
Oct 22, 2024 11:01:57 AM com.oop.cwk.TicketPool addTickets
INFO: Ticket No23
Oct 22, 2024 11:01:57 AM com.oop.cwk.TicketPool addTickets
INFO: Ticket No23
Oct 22, 2024 11:01:57 AM com.oop.cwk.TicketPool addTickets
INFO: Ticket No23
Oct 22, 2024 11:01:57 AM com.oop.cwk.TicketPool addTickets
INFO: Ticket No 23Added by 1
Oct 22, 2024 11:01:57 AM com.oop.cwk.TicketPool addTickets
INFO: Ticket No 23Added by 3
Oct 22, 2024 11:01:57 AM com.oop.cwk.TicketPool addTickets
INFO: Ticket No 23Added by 2
Oct 22, 2024 11:01:57 AM com.oop.cwk.TicketPool addTickets
INFO: Ticket No24
Oct 22, 2024 11:01:57 AM com.oop.cwk.TicketPool addTickets
INFO: Ticket No24
Oct 22, 2024 11:01:57 AM com.oop.cwk.TicketPool addTickets
INFO: Ticket No24
Oct 22, 2024 11:01:58 AM com.oop.cwk.TicketPool addTickets
INFO: Ticket No 24Added by 3
Oct 22, 2024 11:01:58 AM com.oop.cwk.TicketPool addTickets
INFO: Ticket No 24Added by 1
Oct 22, 2024 11:01:58 AM com.oop.cwk.TicketPool addTickets
INFO: Ticket No 24Added by 2
Oct 22, 2024 11:01:58 AM com.oop.cwk.TicketPool addTickets
INFO: Ticket No25
Oct 22, 2024 11:01:58 AM com.oop.cwk.TicketPool addTickets
INFO: Ticket No25
Oct 22, 2024 11:01:58 AM com.oop.cwk.TicketPool addTickets
INFO: Ticket No25
Oct 22, 2024 11:01:59 AM com.oop.cwk.TicketPool addTickets
INFO: Ticket No 25Added by 3
Oct 22, 2024 11:01:59 AM com.oop.cwk.TicketPool addTickets
INFO: Ticket No 25Added by 2
Oct 22, 2024 11:01:59 AM com.oop.cwk.TicketPool addTickets
INFO: Ticket No26
Oct 22, 2024 11:01:59 AM com.oop.cwk.TicketPool addTickets
INFO: Ticket No 25Added by 1
Oct 22, 2024 11:01:59 AM com.oop.cwk.TicketPool addTickets
INFO: Ticket No26
Oct 22, 2024 11:01:59 AM com.oop.cwk.TicketPool addTickets
INFO: Ticket No26
Oct 22, 2024 11:01:59 AM com.oop.cwk.TicketPool addTickets
INFO: Ticket No 26Added by 2
Oct 22, 2024 11:01:59 AM com.oop.cwk.TicketPool addTickets
INFO: Ticket No 26Added by 3
Oct 22, 2024 11:01:59 AM com.oop.cwk.TicketPool addTickets
INFO: Ticket No 26Added by 1
Oct 22, 2024 11:01:59 AM com.oop.cwk.TicketPool addTickets
INFO: Ticket No27
Oct 22, 2024 11:01:59 AM com.oop.cwk.TicketPool addTickets
INFO: Ticket No27
Oct 22, 2024 11:01:59 AM com.oop.cwk.TicketPool addTickets
INFO: Ticket No27
Oct 22, 2024 11:01:59 AM com.oop.cwk.TicketPool addTickets
INFO: Ticket No 27Added by 3
Oct 22, 2024 11:01:59 AM com.oop.cwk.TicketPool addTickets
INFO: Ticket No 27Added by 1
Oct 22, 2024 11:01:59 AM com.oop.cwk.TicketPool addTickets
INFO: Ticket No 27Added by 2
Oct 22, 2024 11:01:59 AM com.oop.cwk.TicketPool addTickets
INFO: Ticket No28
Oct 22, 2024 11:01:59 AM com.oop.cwk.TicketPool addTickets
INFO: Ticket No28
Oct 22, 2024 11:01:59 AM com.oop.cwk.TicketPool addTickets
INFO: Ticket No28
Oct 22, 2024 11:01:59 AM com.oop.cwk.TicketPool addTickets
INFO: Ticket No 28Added by 2
Oct 22, 2024 11:01:59 AM com.oop.cwk.TicketPool addTickets
INFO: Ticket No 28Added by 3
Oct 22, 2024 11:01:59 AM com.oop.cwk.TicketPool addTickets
INFO: Ticket No 28Added by 1
Oct 22, 2024 11:01:59 AM com.oop.cwk.TicketPool addTickets
INFO: Ticket No29
Oct 22, 2024 11:01:59 AM com.oop.cwk.TicketPool addTickets
INFO: Ticket No29
Oct 22, 2024 11:01:59 AM com.oop.cwk.TicketPool addTickets
INFO: Ticket No29
Oct 22, 2024 11:01:59 AM com.oop.cwk.TicketPool addTickets
INFO: Ticket No 29Added by 1
Oct 22, 2024 11:01:59 AM com.oop.cwk.TicketPool addTickets
INFO: Ticket No 29Added by 2
Oct 22, 2024 11:01:59 AM com.oop.cwk.TicketPool addTickets
INFO: Ticket No 29Added by 3
Oct 22, 2024 11:01:59 AM com.oop.cwk.TicketPool addTickets
INFO: Ticket No30
Oct 22, 2024 11:01:59 AM com.oop.cwk.TicketPool addTickets
INFO: Ticket No30
Oct 22, 2024 11:01:59 AM com.oop.cwk.TicketPool addTickets
INFO: Ticket No30
Oct 22, 2024 11:01:59 AM com.oop.cwk.TicketPool addTickets
INFO: Ticket No 30Added by 3
Oct 22, 2024 11:01:59 AM com.oop.cwk.TicketPool addTickets
INFO: Ticket No31
Oct 22, 2024 11:01:59 AM com.oop.cwk.TicketPool addTickets
INFO: Ticket No 30Added by 1
Oct 22, 2024 11:01:59 AM com.oop.cwk.TicketPool addTickets
INFO: Ticket No31
Oct 22, 2024 11:01:59 AM com.oop.cwk.TicketPool addTickets
INFO: Ticket No 30Added by 2
Oct 22, 2024 11:01:59 AM com.oop.cwk.TicketPool addTickets
INFO: Ticket No31
Oct 22, 2024 11:09:25 AM com.oop.cwk.TicketPool addTickets
INFO: Ticket No 1Added by 2
Oct 22, 2024 11:09:25 AM com.oop.cwk.TicketPool addTickets
INFO: Ticket No 1Added by 3
Oct 22, 2024 11:09:25 AM com.oop.cwk.TicketPool addTickets
INFO: Ticket No 1Added by 1
Oct 22, 2024 11:09:25 AM com.oop.cwk.TicketPool addTickets
INFO: Ticket No2
Oct 22, 2024 11:09:25 AM com.oop.cwk.TicketPool addTickets
INFO: Ticket No2
Oct 22, 2024 11:09:25 AM com.oop.cwk.TicketPool addTickets
INFO: Ticket No2
Oct 22, 2024 11:09:25 AM com.oop.cwk.TicketPool addTickets
INFO: Ticket No 2Added by 2
Oct 22, 2024 11:09:25 AM com.oop.cwk.TicketPool addTickets
INFO: Ticket No3
Oct 22, 2024 11:09:25 AM com.oop.cwk.TicketPool addTickets
INFO: Ticket No 2Added by 3
Oct 22, 2024 11:09:25 AM com.oop.cwk.TicketPool addTickets
INFO: Ticket No3
Oct 22, 2024 11:09:25 AM com.oop.cwk.TicketPool addTickets
INFO: Ticket No 2Added by 1
Oct 22, 2024 11:09:25 AM com.oop.cwk.TicketPool addTickets
INFO: Ticket No3
Oct 22, 2024 11:09:25 AM com.oop.cwk.TicketPool addTickets
INFO: Ticket No 3Added by 2
Oct 22, 2024 11:09:25 AM com.oop.cwk.TicketPool addTickets
INFO: Ticket No4
Oct 22, 2024 11:09:25 AM com.oop.cwk.TicketPool addTickets
INFO: Ticket No 3Added by 3
Oct 22, 2024 11:09:25 AM com.oop.cwk.TicketPool addTickets
INFO: Ticket No4
Oct 22, 2024 11:09:25 AM com.oop.cwk.TicketPool addTickets
INFO: Ticket No 3Added by 1
Oct 22, 2024 11:09:25 AM com.oop.cwk.TicketPool addTickets
INFO: Ticket No4
Oct 22, 2024 11:09:25 AM com.oop.cwk.TicketPool addTickets
INFO: Ticket No 4Added by 2
Oct 22, 2024 11:09:25 AM com.oop.cwk.TicketPool addTickets
INFO: Ticket No 4Added by 3
Oct 22, 2024 11:09:25 AM com.oop.cwk.TicketPool addTickets
INFO: Ticket No5
Oct 22, 2024 11:09:25 AM com.oop.cwk.TicketPool addTickets
INFO: Ticket No5
Oct 22, 2024 11:09:25 AM com.oop.cwk.TicketPool addTickets
INFO: Ticket No 4Added by 1
Oct 22, 2024 11:09:25 AM com.oop.cwk.TicketPool addTickets
INFO: Ticket No5
Oct 22, 2024 11:09:25 AM com.oop.cwk.TicketPool addTickets
INFO: Ticket No 5Added by 2
Oct 22, 2024 11:09:25 AM com.oop.cwk.TicketPool addTickets
INFO: Ticket No 5Added by 1
Oct 22, 2024 11:09:25 AM com.oop.cwk.TicketPool addTickets
INFO: Ticket No6
Oct 22, 2024 11:09:25 AM com.oop.cwk.TicketPool addTickets
INFO: Ticket No 5Added by 3
Oct 22, 2024 11:09:25 AM com.oop.cwk.TicketPool addTickets
INFO: Ticket No6
Oct 22, 2024 11:09:25 AM com.oop.cwk.TicketPool addTickets
INFO: Ticket No6
Oct 22, 2024 11:09:26 AM com.oop.cwk.TicketPool addTickets
INFO: Ticket No 6Added by 1
Oct 22, 2024 11:09:26 AM com.oop.cwk.TicketPool addTickets
INFO: Ticket No7
Oct 22, 2024 11:09:26 AM com.oop.cwk.TicketPool addTickets
INFO: Ticket No 6Added by 2
Oct 22, 2024 11:09:26 AM com.oop.cwk.TicketPool addTickets
INFO: Ticket No 6Added by 3
Oct 22, 2024 11:09:26 AM com.oop.cwk.TicketPool addTickets
INFO: Ticket No7
Oct 22, 2024 11:09:26 AM com.oop.cwk.TicketPool addTickets
INFO: Ticket No7
Oct 22, 2024 11:09:26 AM com.oop.cwk.TicketPool addTickets
INFO: Ticket No 7Added by 2
Oct 22, 2024 11:09:26 AM com.oop.cwk.TicketPool addTickets
INFO: Ticket No 7Added by 3
Oct 22, 2024 11:09:26 AM com.oop.cwk.TicketPool addTickets
INFO: Ticket No8
Oct 22, 2024 11:09:26 AM com.oop.cwk.TicketPool addTickets
INFO: Ticket No 7Added by 1
Oct 22, 2024 11:09:26 AM com.oop.cwk.TicketPool addTickets
INFO: Ticket No8
Oct 22, 2024 11:09:26 AM com.oop.cwk.TicketPool addTickets
INFO: Ticket No8
Oct 22, 2024 11:09:26 AM com.oop.cwk.TicketPool addTickets
INFO: Ticket No 8Added by 1
Oct 22, 2024 11:09:26 AM com.oop.cwk.TicketPool addTickets
INFO: Ticket No 8Added by 3
Oct 22, 2024 11:09:26 AM com.oop.cwk.TicketPool addTickets
INFO: Ticket No 8Added by 2
Oct 22, 2024 11:09:26 AM com.oop.cwk.TicketPool addTickets
INFO: Ticket No9
Oct 22, 2024 11:09:26 AM com.oop.cwk.TicketPool addTickets
INFO: Ticket No9
Oct 22, 2024 11:09:26 AM com.oop.cwk.TicketPool addTickets
INFO: Ticket No9
Oct 22, 2024 11:09:26 AM com.oop.cwk.TicketPool addTickets
INFO: Ticket No 9Added by 2
Oct 22, 2024 11:09:26 AM com.oop.cwk.TicketPool addTickets
INFO: Ticket No 9Added by 1
Oct 22, 2024 11:09:26 AM com.oop.cwk.TicketPool addTickets
INFO: Ticket No 9Added by 3
Oct 22, 2024 11:09:26 AM com.oop.cwk.TicketPool addTickets
INFO: Ticket No10
Oct 22, 2024 11:09:26 AM com.oop.cwk.TicketPool addTickets
INFO: Ticket No10
Oct 22, 2024 11:09:26 AM com.oop.cwk.TicketPool addTickets
INFO: Ticket No10
Oct 22, 2024 11:09:26 AM com.oop.cwk.TicketPool addTickets
INFO: Ticket No 10Added by 2
Oct 22, 2024 11:09:26 AM com.oop.cwk.TicketPool addTickets
INFO: Ticket No 10Added by 3
Oct 22, 2024 11:09:26 AM com.oop.cwk.TicketPool addTickets
INFO: Ticket No11
Oct 22, 2024 11:09:26 AM com.oop.cwk.TicketPool addTickets
INFO: Ticket No 10Added by 1
Oct 22, 2024 11:09:26 AM com.oop.cwk.TicketPool addTickets
INFO: Ticket No11
Oct 22, 2024 11:09:26 AM com.oop.cwk.TicketPool addTickets
INFO: Ticket No11
Oct 22, 2024 11:09:26 AM com.oop.cwk.TicketPool addTickets
INFO: Ticket No 11Added by 2
Oct 22, 2024 11:09:26 AM com.oop.cwk.TicketPool addTickets
INFO: Ticket No 11Added by 1
Oct 22, 2024 11:09:26 AM com.oop.cwk.TicketPool addTickets
INFO: Ticket No 11Added by 3
Oct 22, 2024 11:09:26 AM com.oop.cwk.TicketPool addTickets
INFO: Ticket No12
Oct 22, 2024 11:09:26 AM com.oop.cwk.TicketPool addTickets
INFO: Ticket No12
Oct 22, 2024 11:09:26 AM com.oop.cwk.TicketPool addTickets
INFO: Ticket No12
Oct 22, 2024 11:09:26 AM com.oop.cwk.TicketPool addTickets
INFO: Ticket No 12Added by 3
Oct 22, 2024 11:09:26 AM com.oop.cwk.TicketPool addTickets
INFO: Ticket No 12Added by 2
Oct 22, 2024 11:09:26 AM com.oop.cwk.TicketPool addTickets
INFO: Ticket No13
Oct 22, 2024 11:09:26 AM com.oop.cwk.TicketPool addTickets
INFO: Ticket No 12Added by 1
Oct 22, 2024 11:09:26 AM com.oop.cwk.TicketPool addTickets
INFO: Ticket No13
Oct 22, 2024 11:09:26 AM com.oop.cwk.TicketPool addTickets
INFO: Ticket No13
Oct 22, 2024 11:09:26 AM com.oop.cwk.TicketPool removeTicket
INFO: Ticket No 1of event  1bought by 5
Oct 22, 2024 11:09:26 AM com.oop.cwk.TicketPool removeTicket
INFO: Ticket No 1of event  2bought by 5
Oct 22, 2024 11:09:26 AM com.oop.cwk.TicketPool removeTicket
INFO: Ticket No 1of event  3bought by 5
Oct 22, 2024 11:09:26 AM com.oop.cwk.TicketPool removeTicket
INFO: Ticket No 2of event  2bought by 4
Oct 22, 2024 11:09:26 AM com.oop.cwk.TicketPool removeTicket
INFO: Ticket No 2of event  3bought by 4
Oct 22, 2024 11:09:26 AM com.oop.cwk.TicketPool removeTicket
INFO: Ticket No 2of event  1bought by 2
Oct 22, 2024 11:09:27 AM com.oop.cwk.TicketPool removeTicket
INFO: Ticket No 3of event  1bought by 4
Oct 22, 2024 11:09:27 AM com.oop.cwk.TicketPool removeTicket
INFO: Ticket No 3of event  2bought by 3
Oct 22, 2024 11:09:27 AM com.oop.cwk.TicketPool removeTicket
INFO: Ticket No 3of event  3bought by 3
Oct 22, 2024 11:09:27 AM com.oop.cwk.TicketPool removeTicket
INFO: Ticket No 4of event  2bought by 2
Oct 22, 2024 11:09:27 AM com.oop.cwk.TicketPool removeTicket
INFO: Ticket No 4of event  1bought by 3
Oct 22, 2024 11:09:27 AM com.oop.cwk.TicketPool removeTicket
INFO: Ticket No 4of event  3bought by 2
Oct 22, 2024 11:09:27 AM com.oop.cwk.TicketPool removeTicket
INFO: Ticket No 5of event  2bought by 1
Oct 22, 2024 11:09:27 AM com.oop.cwk.TicketPool removeTicket
INFO: Ticket No 5of event  1bought by 1
Oct 22, 2024 11:09:27 AM com.oop.cwk.TicketPool removeTicket
INFO: Ticket No 5of event  3bought by 1
Oct 22, 2024 11:09:27 AM com.oop.cwk.TicketPool removeTicket
INFO: Ticket No 6of event  1bought by 3
Oct 22, 2024 11:09:27 AM com.oop.cwk.TicketPool removeTicket
INFO: Ticket No 6of event  2bought by 2
Oct 22, 2024 11:09:27 AM com.oop.cwk.TicketPool removeTicket
INFO: Ticket No 6of event  3bought by 2
Oct 22, 2024 11:09:27 AM com.oop.cwk.TicketPool removeTicket
INFO: Ticket No 7of event  1bought by 4
Oct 22, 2024 11:09:27 AM com.oop.cwk.TicketPool removeTicket
INFO: Ticket No 7of event  2bought by 3
Oct 22, 2024 11:09:27 AM com.oop.cwk.TicketPool removeTicket
INFO: Ticket No 7of event  3bought by 3
Oct 22, 2024 11:09:27 AM com.oop.cwk.TicketPool removeTicket
INFO: Ticket No 8of event  1bought by 2
Oct 22, 2024 11:09:27 AM com.oop.cwk.TicketPool removeTicket
INFO: Ticket No 8of event  2bought by 4
Oct 22, 2024 11:09:27 AM com.oop.cwk.TicketPool removeTicket
INFO: Ticket No 8of event  3bought by 4
Oct 22, 2024 11:09:27 AM com.oop.cwk.TicketPool removeTicket
INFO: Ticket No 9of event  2bought by 5
Oct 22, 2024 11:09:27 AM com.oop.cwk.TicketPool removeTicket
INFO: Ticket No 9of event  1bought by 5
Oct 22, 2024 11:09:27 AM com.oop.cwk.TicketPool removeTicket
INFO: Ticket No 9of event  3bought by 5
Oct 22, 2024 11:09:27 AM com.oop.cwk.TicketPool addTickets
INFO: Ticket No 13Added by 2
Oct 22, 2024 11:09:27 AM com.oop.cwk.TicketPool addTickets
INFO: Ticket No14
Oct 22, 2024 11:09:27 AM com.oop.cwk.TicketPool addTickets
INFO: Ticket No 13Added by 1
Oct 22, 2024 11:09:27 AM com.oop.cwk.TicketPool addTickets
INFO: Ticket No14
Oct 22, 2024 11:09:27 AM com.oop.cwk.TicketPool addTickets
INFO: Ticket No 13Added by 3
Oct 22, 2024 11:09:27 AM com.oop.cwk.TicketPool addTickets
INFO: Ticket No14
Oct 22, 2024 11:09:27 AM com.oop.cwk.TicketPool addTickets
INFO: Ticket No 14Added by 2
Oct 22, 2024 11:09:27 AM com.oop.cwk.TicketPool addTickets
INFO: Ticket No 14Added by 1
Oct 22, 2024 11:09:27 AM com.oop.cwk.TicketPool addTickets
INFO: Ticket No 14Added by 3
Oct 22, 2024 11:09:27 AM com.oop.cwk.TicketPool addTickets
INFO: Ticket No15
Oct 22, 2024 11:09:27 AM com.oop.cwk.TicketPool addTickets
INFO: Ticket No15
Oct 22, 2024 11:09:27 AM com.oop.cwk.TicketPool addTickets
INFO: Ticket No15
Oct 22, 2024 11:09:27 AM com.oop.cwk.TicketPool addTickets
INFO: Ticket No 15Added by 3
Oct 22, 2024 11:09:27 AM com.oop.cwk.TicketPool addTickets
INFO: Ticket No 15Added by 2
Oct 22, 2024 11:09:27 AM com.oop.cwk.TicketPool addTickets
INFO: Ticket No16
Oct 22, 2024 11:09:27 AM com.oop.cwk.TicketPool addTickets
INFO: Ticket No 15Added by 1
Oct 22, 2024 11:09:27 AM com.oop.cwk.TicketPool addTickets
INFO: Ticket No16
Oct 22, 2024 11:09:27 AM com.oop.cwk.TicketPool addTickets
INFO: Ticket No16
Oct 22, 2024 11:09:28 AM com.oop.cwk.TicketPool addTickets
INFO: Ticket No 16Added by 3
Oct 22, 2024 11:09:28 AM com.oop.cwk.TicketPool addTickets
INFO: Ticket No 16Added by 1
Oct 22, 2024 11:09:28 AM com.oop.cwk.TicketPool addTickets
INFO: Ticket No 16Added by 2
Oct 22, 2024 11:09:28 AM com.oop.cwk.TicketPool addTickets
INFO: Ticket No17
Oct 22, 2024 11:09:28 AM com.oop.cwk.TicketPool addTickets
INFO: Ticket No17
Oct 22, 2024 11:09:28 AM com.oop.cwk.TicketPool addTickets
INFO: Ticket No17
Oct 22, 2024 11:09:28 AM com.oop.cwk.TicketPool addTickets
INFO: Ticket No 17Added by 1
Oct 22, 2024 11:09:28 AM com.oop.cwk.TicketPool addTickets
INFO: Ticket No 17Added by 3
Oct 22, 2024 11:09:28 AM com.oop.cwk.TicketPool addTickets
INFO: Ticket No18
Oct 22, 2024 11:09:28 AM com.oop.cwk.TicketPool addTickets
INFO: Ticket No 17Added by 2
Oct 22, 2024 11:09:28 AM com.oop.cwk.TicketPool addTickets
INFO: Ticket No18
Oct 22, 2024 11:09:28 AM com.oop.cwk.TicketPool addTickets
INFO: Ticket No18
Oct 22, 2024 11:09:28 AM com.oop.cwk.TicketPool addTickets
INFO: Ticket No 18Added by 3
Oct 22, 2024 11:09:28 AM com.oop.cwk.TicketPool addTickets
INFO: Ticket No 18Added by 1
Oct 22, 2024 11:09:28 AM com.oop.cwk.TicketPool addTickets
INFO: Ticket No 18Added by 2
Oct 22, 2024 11:09:28 AM com.oop.cwk.TicketPool addTickets
INFO: Ticket No19
Oct 22, 2024 11:09:28 AM com.oop.cwk.TicketPool addTickets
INFO: Ticket No19
Oct 22, 2024 11:09:28 AM com.oop.cwk.TicketPool addTickets
INFO: Ticket No19
Oct 22, 2024 11:09:28 AM com.oop.cwk.TicketPool addTickets
INFO: Ticket No 19Added by 1
Oct 22, 2024 11:09:28 AM com.oop.cwk.TicketPool addTickets
INFO: Ticket No 19Added by 3
Oct 22, 2024 11:09:28 AM com.oop.cwk.TicketPool addTickets
INFO: Ticket No 19Added by 2
Oct 22, 2024 11:09:28 AM com.oop.cwk.TicketPool addTickets
INFO: Ticket No20
Oct 22, 2024 11:09:28 AM com.oop.cwk.TicketPool addTickets
INFO: Ticket No20
Oct 22, 2024 11:09:28 AM com.oop.cwk.TicketPool addTickets
INFO: Ticket No20
Oct 22, 2024 11:09:28 AM com.oop.cwk.TicketPool addTickets
INFO: Ticket No 20Added by 2
Oct 22, 2024 11:09:28 AM com.oop.cwk.TicketPool addTickets
INFO: Ticket No 20Added by 3
Oct 22, 2024 11:09:28 AM com.oop.cwk.TicketPool addTickets
INFO: Ticket No 20Added by 1
Oct 22, 2024 11:09:28 AM com.oop.cwk.TicketPool addTickets
INFO: Ticket No21
Oct 22, 2024 11:09:28 AM com.oop.cwk.TicketPool addTickets
INFO: Ticket No21
Oct 22, 2024 11:09:28 AM com.oop.cwk.TicketPool addTickets
INFO: Ticket No21
Oct 22, 2024 11:09:28 AM com.oop.cwk.TicketPool addTickets
INFO: Ticket No 21Added by 1
Oct 22, 2024 11:09:28 AM com.oop.cwk.TicketPool addTickets
INFO: Ticket No 21Added by 2
Oct 22, 2024 11:09:28 AM com.oop.cwk.TicketPool addTickets
INFO: Ticket No22
Oct 22, 2024 11:09:28 AM com.oop.cwk.TicketPool addTickets
INFO: Ticket No 21Added by 3
Oct 22, 2024 11:09:28 AM com.oop.cwk.TicketPool addTickets
INFO: Ticket No22
Oct 22, 2024 11:09:28 AM com.oop.cwk.TicketPool addTickets
INFO: Ticket No22
Oct 22, 2024 11:09:28 AM com.oop.cwk.TicketPool addTickets
INFO: Ticket No 22Added by 3
Oct 22, 2024 11:09:28 AM com.oop.cwk.TicketPool addTickets
INFO: Ticket No 22Added by 2
Oct 22, 2024 11:09:28 AM com.oop.cwk.TicketPool addTickets
INFO: Ticket No 22Added by 1
Oct 22, 2024 11:09:28 AM com.oop.cwk.TicketPool addTickets
INFO: Ticket No23
Oct 22, 2024 11:09:28 AM com.oop.cwk.TicketPool addTickets
INFO: Ticket No23
Oct 22, 2024 11:09:28 AM com.oop.cwk.TicketPool addTickets
INFO: Ticket No23
Oct 22, 2024 11:09:28 AM com.oop.cwk.TicketPool addTickets
INFO: Ticket No 23Added by 3
Oct 22, 2024 11:09:28 AM com.oop.cwk.TicketPool addTickets
INFO: Ticket No 23Added by 2
Oct 22, 2024 11:09:28 AM com.oop.cwk.TicketPool addTickets
INFO: Ticket No24
Oct 22, 2024 11:09:28 AM com.oop.cwk.TicketPool addTickets
INFO: Ticket No 23Added by 1
Oct 22, 2024 11:09:28 AM com.oop.cwk.TicketPool addTickets
INFO: Ticket No24
Oct 22, 2024 11:09:28 AM com.oop.cwk.TicketPool addTickets
INFO: Ticket No24
Oct 22, 2024 11:09:28 AM com.oop.cwk.TicketPool addTickets
INFO: Ticket No 24Added by 2
Oct 22, 2024 11:09:28 AM com.oop.cwk.TicketPool addTickets
INFO: Ticket No 24Added by 1
Oct 22, 2024 11:09:28 AM com.oop.cwk.TicketPool addTickets
INFO: Ticket No 24Added by 3
Oct 22, 2024 11:09:28 AM com.oop.cwk.TicketPool addTickets
INFO: Ticket No25
Oct 22, 2024 11:09:28 AM com.oop.cwk.TicketPool addTickets
INFO: Ticket No25
Oct 22, 2024 11:09:28 AM com.oop.cwk.TicketPool addTickets
INFO: Ticket No25
Oct 22, 2024 11:09:29 AM com.oop.cwk.TicketPool removeTicket
INFO: Ticket No 10of event  2bought by 5
Oct 22, 2024 11:09:29 AM com.oop.cwk.TicketPool removeTicket
INFO: Ticket No 10of event  1bought by 5
Oct 22, 2024 11:09:29 AM com.oop.cwk.TicketPool removeTicket
INFO: Ticket No 10of event  3bought by 5
Oct 22, 2024 11:09:29 AM com.oop.cwk.TicketPool removeTicket
INFO: Ticket No 11of event  2bought by 4
Oct 22, 2024 11:09:29 AM com.oop.cwk.TicketPool removeTicket
INFO: Ticket No 11of event  1bought by 2
Oct 22, 2024 11:09:29 AM com.oop.cwk.TicketPool removeTicket
INFO: Ticket No 11of event  3bought by 4
Oct 22, 2024 11:09:29 AM com.oop.cwk.TicketPool removeTicket
INFO: Ticket No 12of event  3bought by 3
Oct 22, 2024 11:09:29 AM com.oop.cwk.TicketPool removeTicket
INFO: Ticket No 12of event  1bought by 4
Oct 22, 2024 11:09:29 AM com.oop.cwk.TicketPool removeTicket
INFO: Ticket No 12of event  2bought by 3
Oct 22, 2024 11:09:29 AM com.oop.cwk.TicketPool removeTicket
INFO: Ticket No 13of event  1bought by 3
Oct 22, 2024 11:09:29 AM com.oop.cwk.TicketPool removeTicket
INFO: Ticket No 13of event  3bought by 2
Oct 22, 2024 11:09:29 AM com.oop.cwk.TicketPool removeTicket
INFO: Ticket No 13of event  2bought by 2
Oct 22, 2024 11:09:29 AM com.oop.cwk.TicketPool removeTicket
INFO: Ticket No 14of event  2bought by 1
Oct 22, 2024 11:09:29 AM com.oop.cwk.TicketPool removeTicket
INFO: Ticket No 14of event  3bought by 1
Oct 22, 2024 11:09:29 AM com.oop.cwk.TicketPool removeTicket
INFO: Ticket No 14of event  1bought by 1
Oct 22, 2024 11:09:29 AM com.oop.cwk.TicketPool removeTicket
INFO: Ticket No 15of event  1bought by 3
Oct 22, 2024 11:09:29 AM com.oop.cwk.TicketPool removeTicket
INFO: Ticket No 15of event  3bought by 2
Oct 22, 2024 11:09:29 AM com.oop.cwk.TicketPool removeTicket
INFO: Ticket No 15of event  2bought by 2
Oct 22, 2024 11:09:29 AM com.oop.cwk.TicketPool removeTicket
INFO: Ticket No 16of event  1bought by 4
Oct 22, 2024 11:09:29 AM com.oop.cwk.TicketPool removeTicket
INFO: Ticket No 16of event  2bought by 3
Oct 22, 2024 11:09:29 AM com.oop.cwk.TicketPool removeTicket
INFO: Ticket No 16of event  3bought by 3
Oct 22, 2024 11:09:29 AM com.oop.cwk.TicketPool removeTicket
INFO: Ticket No 17of event  3bought by 4
Oct 22, 2024 11:09:29 AM com.oop.cwk.TicketPool removeTicket
INFO: Ticket No 17of event  2bought by 4
Oct 22, 2024 11:09:29 AM com.oop.cwk.TicketPool removeTicket
INFO: Ticket No 17of event  1bought by 2
Oct 22, 2024 11:09:29 AM com.oop.cwk.TicketPool removeTicket
INFO: Ticket No 18of event  3bought by 5
Oct 22, 2024 11:09:29 AM com.oop.cwk.TicketPool removeTicket
INFO: Ticket No 18of event  2bought by 5
Oct 22, 2024 11:09:29 AM com.oop.cwk.TicketPool removeTicket
INFO: Ticket No 18of event  1bought by 5
Oct 22, 2024 11:09:30 AM com.oop.cwk.TicketPool addTickets
INFO: Ticket No 25Added by 3
Oct 22, 2024 11:09:30 AM com.oop.cwk.TicketPool addTickets
INFO: Ticket No26
Oct 22, 2024 11:09:30 AM com.oop.cwk.TicketPool addTickets
INFO: Ticket No 25Added by 2
Oct 22, 2024 11:09:30 AM com.oop.cwk.TicketPool addTickets
INFO: Ticket No 25Added by 1
Oct 22, 2024 11:09:30 AM com.oop.cwk.TicketPool addTickets
INFO: Ticket No26
Oct 22, 2024 11:09:30 AM com.oop.cwk.TicketPool addTickets
INFO: Ticket No26
Oct 22, 2024 11:09:30 AM com.oop.cwk.TicketPool addTickets
INFO: Ticket No 26Added by 3
Oct 22, 2024 11:09:30 AM com.oop.cwk.TicketPool addTickets
INFO: Ticket No 26Added by 2
Oct 22, 2024 11:09:30 AM com.oop.cwk.TicketPool addTickets
INFO: Ticket No27
Oct 22, 2024 11:09:30 AM com.oop.cwk.TicketPool addTickets
INFO: Ticket No 26Added by 1
Oct 22, 2024 11:09:30 AM com.oop.cwk.TicketPool addTickets
INFO: Ticket No27
Oct 22, 2024 11:09:30 AM com.oop.cwk.TicketPool addTickets
INFO: Ticket No27
Oct 22, 2024 11:09:30 AM com.oop.cwk.TicketPool addTickets
INFO: Ticket No 27Added by 1
Oct 22, 2024 11:09:30 AM com.oop.cwk.TicketPool addTickets
INFO: Ticket No 27Added by 2
Oct 22, 2024 11:09:30 AM com.oop.cwk.TicketPool addTickets
INFO: Ticket No 27Added by 3
Oct 22, 2024 11:09:30 AM com.oop.cwk.TicketPool addTickets
INFO: Ticket No28
Oct 22, 2024 11:09:30 AM com.oop.cwk.TicketPool addTickets
INFO: Ticket No28
Oct 22, 2024 11:09:30 AM com.oop.cwk.TicketPool addTickets
INFO: Ticket No28
Oct 22, 2024 11:09:30 AM com.oop.cwk.TicketPool addTickets
INFO: Ticket No 28Added by 1
Oct 22, 2024 11:09:30 AM com.oop.cwk.TicketPool addTickets
INFO: Ticket No 28Added by 3
Oct 22, 2024 11:09:30 AM com.oop.cwk.TicketPool addTickets
INFO: Ticket No 28Added by 2
Oct 22, 2024 11:09:30 AM com.oop.cwk.TicketPool addTickets
INFO: Ticket No29
Oct 22, 2024 11:09:30 AM com.oop.cwk.TicketPool addTickets
INFO: Ticket No29
Oct 22, 2024 11:09:30 AM com.oop.cwk.TicketPool addTickets
INFO: Ticket No29
Oct 22, 2024 11:09:30 AM com.oop.cwk.TicketPool addTickets
INFO: Ticket No 29Added by 2
Oct 22, 2024 11:09:30 AM com.oop.cwk.TicketPool addTickets
INFO: Ticket No 29Added by 3
Oct 22, 2024 11:09:30 AM com.oop.cwk.TicketPool addTickets
INFO: Ticket No 29Added by 1
Oct 22, 2024 11:09:30 AM com.oop.cwk.TicketPool addTickets
INFO: Ticket No30
Oct 22, 2024 11:09:30 AM com.oop.cwk.TicketPool addTickets
INFO: Ticket No30
Oct 22, 2024 11:09:30 AM com.oop.cwk.TicketPool addTickets
INFO: Ticket No30
Oct 22, 2024 11:09:30 AM com.oop.cwk.TicketPool addTickets
INFO: Ticket No 30Added by 2
Oct 22, 2024 11:09:30 AM com.oop.cwk.TicketPool addTickets
INFO: Ticket No 30Added by 3
Oct 22, 2024 11:09:30 AM com.oop.cwk.TicketPool addTickets
INFO: Ticket No 30Added by 1
Oct 22, 2024 11:09:30 AM com.oop.cwk.TicketPool addTickets
INFO: Ticket No31
Oct 22, 2024 11:09:30 AM com.oop.cwk.TicketPool addTickets
INFO: Ticket No31
Oct 22, 2024 11:09:30 AM com.oop.cwk.TicketPool addTickets
INFO: Ticket No31
Oct 22, 2024 11:09:30 AM com.oop.cwk.TicketPool removeTicket
INFO: Ticket No 19of event  2bought by 5
Oct 22, 2024 11:09:30 AM com.oop.cwk.TicketPool removeTicket
INFO: Ticket No 19of event  1bought by 5
Oct 22, 2024 11:09:30 AM com.oop.cwk.TicketPool removeTicket
INFO: Ticket No 19of event  3bought by 5
Oct 22, 2024 11:09:30 AM com.oop.cwk.TicketPool removeTicket
INFO: Ticket No 20of event  1bought by 2
Oct 22, 2024 11:09:30 AM com.oop.cwk.TicketPool removeTicket
INFO: Ticket No 20of event  2bought by 4
Oct 22, 2024 11:09:30 AM com.oop.cwk.TicketPool removeTicket
INFO: Ticket No 20of event  3bought by 4
Oct 22, 2024 11:09:30 AM com.oop.cwk.TicketPool removeTicket
INFO: Ticket No 21of event  3bought by 3
Oct 22, 2024 11:09:30 AM com.oop.cwk.TicketPool removeTicket
INFO: Ticket No 21of event  2bought by 3
Oct 22, 2024 11:09:30 AM com.oop.cwk.TicketPool removeTicket
INFO: Ticket No 21of event  1bought by 4
Oct 22, 2024 11:09:31 AM com.oop.cwk.TicketPool removeTicket
INFO: Ticket No 22of event  1bought by 3
Oct 22, 2024 11:09:31 AM com.oop.cwk.TicketPool removeTicket
INFO: Ticket No 22of event  2bought by 2
Oct 22, 2024 11:09:31 AM com.oop.cwk.TicketPool removeTicket
INFO: Ticket No 22of event  3bought by 2
Oct 22, 2024 11:09:31 AM com.oop.cwk.TicketPool removeTicket
INFO: Ticket No 23of event  3bought by 1
Oct 22, 2024 11:09:31 AM com.oop.cwk.TicketPool removeTicket
INFO: Ticket No 23of event  2bought by 1
Oct 22, 2024 11:09:31 AM com.oop.cwk.TicketPool removeTicket
INFO: Ticket No 23of event  1bought by 1
Oct 22, 2024 11:09:31 AM com.oop.cwk.TicketPool removeTicket
INFO: Ticket No 24of event  2bought by 2
Oct 22, 2024 11:09:31 AM com.oop.cwk.TicketPool removeTicket
INFO: Ticket No 24of event  3bought by 2
Oct 22, 2024 11:09:31 AM com.oop.cwk.TicketPool removeTicket
INFO: Ticket No 24of event  1bought by 3
Oct 22, 2024 11:09:31 AM com.oop.cwk.TicketPool removeTicket
INFO: Ticket No 25of event  1bought by 4
Oct 22, 2024 11:09:31 AM com.oop.cwk.TicketPool removeTicket
INFO: Ticket No 25of event  2bought by 3
Oct 22, 2024 11:09:31 AM com.oop.cwk.TicketPool removeTicket
INFO: Ticket No 25of event  3bought by 3
Oct 22, 2024 11:09:31 AM com.oop.cwk.TicketPool removeTicket
INFO: Ticket No 26of event  1bought by 2
Oct 22, 2024 11:09:31 AM com.oop.cwk.TicketPool removeTicket
INFO: Ticket No 26of event  3bought by 4
Oct 22, 2024 11:09:31 AM com.oop.cwk.TicketPool removeTicket
INFO: Ticket No 26of event  2bought by 3
Oct 22, 2024 11:09:31 AM com.oop.cwk.TicketPool removeTicket
INFO: Ticket No 27of event  2bought by 4
Oct 22, 2024 11:09:31 AM com.oop.cwk.TicketPool removeTicket
INFO: Ticket No 27of event  3bought by 5
Oct 22, 2024 11:09:31 AM com.oop.cwk.TicketPool removeTicket
INFO: Ticket No 27of event  1bought by 5
Oct 22, 2024 11:09:31 AM com.oop.cwk.TicketPool removeTicket
INFO: Ticket No 28of event  2bought by 5
Oct 22, 2024 11:09:31 AM com.oop.cwk.TicketPool removeTicket
INFO: Ticket No 28of event  1bought by 2
Oct 22, 2024 11:09:31 AM com.oop.cwk.TicketPool removeTicket
INFO: Ticket No 28of event  3bought by 4
Oct 22, 2024 11:09:31 AM com.oop.cwk.TicketPool removeTicket
INFO: Ticket No 29of event  2bought by 4
Oct 22, 2024 11:09:31 AM com.oop.cwk.TicketPool removeTicket
INFO: Ticket No 29of event  3bought by 3
Oct 22, 2024 11:09:31 AM com.oop.cwk.TicketPool removeTicket
INFO: Ticket No 29of event  1bought by 4
Oct 22, 2024 11:09:31 AM com.oop.cwk.TicketPool removeTicket
INFO: Ticket No 30of event  3bought by 2
Oct 22, 2024 11:09:31 AM com.oop.cwk.TicketPool removeTicket
INFO: Ticket No 30of event  1bought by 3
Oct 22, 2024 11:09:31 AM com.oop.cwk.TicketPool removeTicket
INFO: Ticket No 30of event  2bought by 4
Oct 22, 2024 11:11:13 AM com.oop.cwk.TicketPool addTickets
INFO: Ticket No2
Oct 22, 2024 11:11:13 AM com.oop.cwk.TicketPool addTickets
INFO: Ticket No2
Oct 22, 2024 11:11:13 AM com.oop.cwk.TicketPool addTickets
INFO: Ticket No2
Oct 22, 2024 11:11:13 AM com.oop.cwk.TicketPool addTickets
INFO: Ticket No3
Oct 22, 2024 11:11:13 AM com.oop.cwk.TicketPool addTickets
INFO: Ticket No3
Oct 22, 2024 11:11:13 AM com.oop.cwk.TicketPool addTickets
INFO: Ticket No3
Oct 22, 2024 11:11:13 AM com.oop.cwk.TicketPool addTickets
INFO: Ticket No4
Oct 22, 2024 11:11:13 AM com.oop.cwk.TicketPool addTickets
INFO: Ticket No4
Oct 22, 2024 11:11:13 AM com.oop.cwk.TicketPool addTickets
INFO: Ticket No4
Oct 22, 2024 11:11:13 AM com.oop.cwk.TicketPool addTickets
INFO: Ticket No5
Oct 22, 2024 11:11:13 AM com.oop.cwk.TicketPool addTickets
INFO: Ticket No5
Oct 22, 2024 11:11:13 AM com.oop.cwk.TicketPool addTickets
INFO: Ticket No5
Oct 22, 2024 11:11:13 AM com.oop.cwk.TicketPool addTickets
INFO: Ticket No6
Oct 22, 2024 11:11:13 AM com.oop.cwk.TicketPool addTickets
INFO: Ticket No6
Oct 22, 2024 11:11:13 AM com.oop.cwk.TicketPool addTickets
INFO: Ticket No6
Oct 22, 2024 11:11:13 AM com.oop.cwk.TicketPool addTickets
INFO: Ticket No7
Oct 22, 2024 11:11:13 AM com.oop.cwk.TicketPool addTickets
INFO: Ticket No7
Oct 22, 2024 11:11:13 AM com.oop.cwk.TicketPool addTickets
INFO: Ticket No7
Oct 22, 2024 11:11:13 AM com.oop.cwk.TicketPool addTickets
INFO: Ticket No8
Oct 22, 2024 11:11:13 AM com.oop.cwk.TicketPool addTickets
INFO: Ticket No8
Oct 22, 2024 11:11:13 AM com.oop.cwk.TicketPool addTickets
INFO: Ticket No8
Oct 22, 2024 11:11:13 AM com.oop.cwk.TicketPool addTickets
INFO: Ticket No9
Oct 22, 2024 11:11:13 AM com.oop.cwk.TicketPool addTickets
INFO: Ticket No9
Oct 22, 2024 11:11:13 AM com.oop.cwk.TicketPool addTickets
INFO: Ticket No9
Oct 22, 2024 11:11:13 AM com.oop.cwk.TicketPool addTickets
INFO: Ticket No10
Oct 22, 2024 11:11:13 AM com.oop.cwk.TicketPool addTickets
INFO: Ticket No10
Oct 22, 2024 11:11:13 AM com.oop.cwk.TicketPool addTickets
INFO: Ticket No10
Oct 22, 2024 11:11:14 AM com.oop.cwk.TicketPool addTickets
INFO: Ticket No11
Oct 22, 2024 11:11:14 AM com.oop.cwk.TicketPool addTickets
INFO: Ticket No11
Oct 22, 2024 11:11:14 AM com.oop.cwk.TicketPool addTickets
INFO: Ticket No11
Oct 22, 2024 11:11:14 AM com.oop.cwk.TicketPool addTickets
INFO: Ticket No12
Oct 22, 2024 11:11:14 AM com.oop.cwk.TicketPool addTickets
INFO: Ticket No12
Oct 22, 2024 11:11:14 AM com.oop.cwk.TicketPool addTickets
INFO: Ticket No12
Oct 22, 2024 11:11:14 AM com.oop.cwk.TicketPool addTickets
INFO: Ticket No13
Oct 22, 2024 11:11:14 AM com.oop.cwk.TicketPool addTickets
INFO: Ticket No13
Oct 22, 2024 11:11:14 AM com.oop.cwk.TicketPool addTickets
INFO: Ticket No13
Oct 22, 2024 11:11:15 AM com.oop.cwk.TicketPool addTickets
INFO: Ticket No14
Oct 22, 2024 11:11:15 AM com.oop.cwk.TicketPool addTickets
INFO: Ticket No14
Oct 22, 2024 11:11:15 AM com.oop.cwk.TicketPool addTickets
INFO: Ticket No14
Oct 22, 2024 11:11:15 AM com.oop.cwk.TicketPool addTickets
INFO: Ticket No15
Oct 22, 2024 11:11:15 AM com.oop.cwk.TicketPool addTickets
INFO: Ticket No15
Oct 22, 2024 11:11:15 AM com.oop.cwk.TicketPool addTickets
INFO: Ticket No15
Oct 22, 2024 11:11:15 AM com.oop.cwk.TicketPool addTickets
INFO: Ticket No16
Oct 22, 2024 11:11:15 AM com.oop.cwk.TicketPool addTickets
INFO: Ticket No16
Oct 22, 2024 11:11:15 AM com.oop.cwk.TicketPool addTickets
INFO: Ticket No16
Oct 22, 2024 11:11:15 AM com.oop.cwk.TicketPool addTickets
INFO: Ticket No17
Oct 22, 2024 11:11:15 AM com.oop.cwk.TicketPool addTickets
INFO: Ticket No17
Oct 22, 2024 11:11:15 AM com.oop.cwk.TicketPool addTickets
INFO: Ticket No17
Oct 22, 2024 11:11:15 AM com.oop.cwk.TicketPool addTickets
INFO: Ticket No18
Oct 22, 2024 11:11:15 AM com.oop.cwk.TicketPool addTickets
INFO: Ticket No18
Oct 22, 2024 11:11:15 AM com.oop.cwk.TicketPool addTickets
INFO: Ticket No18
Oct 22, 2024 11:11:15 AM com.oop.cwk.TicketPool addTickets
INFO: Ticket No19
Oct 22, 2024 11:11:15 AM com.oop.cwk.TicketPool addTickets
INFO: Ticket No19
Oct 22, 2024 11:11:15 AM com.oop.cwk.TicketPool addTickets
INFO: Ticket No19
Oct 22, 2024 11:11:15 AM com.oop.cwk.TicketPool addTickets
INFO: Ticket No20
Oct 22, 2024 11:11:15 AM com.oop.cwk.TicketPool addTickets
INFO: Ticket No20
Oct 22, 2024 11:11:15 AM com.oop.cwk.TicketPool addTickets
INFO: Ticket No20
Oct 22, 2024 11:11:16 AM com.oop.cwk.TicketPool addTickets
INFO: Ticket No21
Oct 22, 2024 11:11:16 AM com.oop.cwk.TicketPool addTickets
INFO: Ticket No21
Oct 22, 2024 11:11:16 AM com.oop.cwk.TicketPool addTickets
INFO: Ticket No21
Oct 22, 2024 11:11:16 AM com.oop.cwk.TicketPool addTickets
INFO: Ticket No22
Oct 22, 2024 11:11:16 AM com.oop.cwk.TicketPool addTickets
INFO: Ticket No22
Oct 22, 2024 11:11:16 AM com.oop.cwk.TicketPool addTickets
INFO: Ticket No22
Oct 22, 2024 11:11:16 AM com.oop.cwk.TicketPool addTickets
INFO: Ticket No23
Oct 22, 2024 11:11:16 AM com.oop.cwk.TicketPool addTickets
INFO: Ticket No23
Oct 22, 2024 11:11:16 AM com.oop.cwk.TicketPool addTickets
INFO: Ticket No23
Oct 22, 2024 11:11:16 AM com.oop.cwk.TicketPool addTickets
INFO: Ticket No24
Oct 22, 2024 11:11:16 AM com.oop.cwk.TicketPool addTickets
INFO: Ticket No24
Oct 22, 2024 11:11:16 AM com.oop.cwk.TicketPool addTickets
INFO: Ticket No24
Oct 22, 2024 11:11:16 AM com.oop.cwk.TicketPool addTickets
INFO: Ticket No25
Oct 22, 2024 11:11:16 AM com.oop.cwk.TicketPool addTickets
INFO: Ticket No25
Oct 22, 2024 11:11:16 AM com.oop.cwk.TicketPool addTickets
INFO: Ticket No25
Oct 22, 2024 11:11:17 AM com.oop.cwk.TicketPool addTickets
INFO: Ticket No26
Oct 22, 2024 11:11:17 AM com.oop.cwk.TicketPool addTickets
INFO: Ticket No26
Oct 22, 2024 11:11:17 AM com.oop.cwk.TicketPool addTickets
INFO: Ticket No26
Oct 22, 2024 11:11:17 AM com.oop.cwk.TicketPool addTickets
INFO: Ticket No27
Oct 22, 2024 11:11:17 AM com.oop.cwk.TicketPool addTickets
INFO: Ticket No27
Oct 22, 2024 11:11:17 AM com.oop.cwk.TicketPool addTickets
INFO: Ticket No27
Oct 22, 2024 11:11:17 AM com.oop.cwk.TicketPool addTickets
INFO: Ticket No28
Oct 22, 2024 11:11:17 AM com.oop.cwk.TicketPool addTickets
INFO: Ticket No28
Oct 22, 2024 11:11:17 AM com.oop.cwk.TicketPool addTickets
INFO: Ticket No28
Oct 22, 2024 11:11:17 AM com.oop.cwk.TicketPool addTickets
INFO: Ticket No29
Oct 22, 2024 11:11:17 AM com.oop.cwk.TicketPool addTickets
INFO: Ticket No29
Oct 22, 2024 11:11:17 AM com.oop.cwk.TicketPool addTickets
INFO: Ticket No29
Oct 22, 2024 11:11:18 AM com.oop.cwk.TicketPool addTickets
INFO: Ticket No30
Oct 22, 2024 11:11:18 AM com.oop.cwk.TicketPool addTickets
INFO: Ticket No30
Oct 22, 2024 11:11:18 AM com.oop.cwk.TicketPool addTickets
INFO: Ticket No30
Oct 22, 2024 11:11:18 AM com.oop.cwk.TicketPool addTickets
INFO: Ticket No31
Oct 22, 2024 11:11:18 AM com.oop.cwk.TicketPool addTickets
INFO: Ticket No31
Oct 22, 2024 11:11:18 AM com.oop.cwk.TicketPool addTickets
INFO: Ticket No31
Oct 22, 2024 11:11:46 AM com.oop.cwk.TicketPool addTickets
INFO: Ticket No2
Oct 22, 2024 11:11:46 AM com.oop.cwk.TicketPool addTickets
INFO: Ticket No2
Oct 22, 2024 11:11:46 AM com.oop.cwk.TicketPool addTickets
INFO: Ticket No2
Oct 22, 2024 11:11:46 AM com.oop.cwk.TicketPool addTickets
INFO: Ticket No3
Oct 22, 2024 11:11:46 AM com.oop.cwk.TicketPool addTickets
INFO: Ticket No3
Oct 22, 2024 11:11:46 AM com.oop.cwk.TicketPool addTickets
INFO: Ticket No3
Oct 22, 2024 11:11:46 AM com.oop.cwk.TicketPool addTickets
INFO: Ticket No4
Oct 22, 2024 11:11:46 AM com.oop.cwk.TicketPool addTickets
INFO: Ticket No4
Oct 22, 2024 11:11:46 AM com.oop.cwk.TicketPool addTickets
INFO: Ticket No4
Oct 22, 2024 11:11:46 AM com.oop.cwk.TicketPool addTickets
INFO: Ticket No5
Oct 22, 2024 11:11:46 AM com.oop.cwk.TicketPool addTickets
INFO: Ticket No5
Oct 22, 2024 11:11:46 AM com.oop.cwk.TicketPool addTickets
INFO: Ticket No5
Oct 22, 2024 11:11:46 AM com.oop.cwk.TicketPool addTickets
INFO: Ticket No6
Oct 22, 2024 11:11:46 AM com.oop.cwk.TicketPool addTickets
INFO: Ticket No6
Oct 22, 2024 11:11:46 AM com.oop.cwk.TicketPool addTickets
INFO: Ticket No6
Oct 22, 2024 11:11:46 AM com.oop.cwk.TicketPool addTickets
INFO: Ticket No7
Oct 22, 2024 11:11:46 AM com.oop.cwk.TicketPool addTickets
INFO: Ticket No7
Oct 22, 2024 11:11:46 AM com.oop.cwk.TicketPool addTickets
INFO: Ticket No7
Oct 22, 2024 11:11:46 AM com.oop.cwk.TicketPool addTickets
INFO: Ticket No8
Oct 22, 2024 11:11:46 AM com.oop.cwk.TicketPool addTickets
INFO: Ticket No8
Oct 22, 2024 11:11:46 AM com.oop.cwk.TicketPool addTickets
INFO: Ticket No8
Oct 22, 2024 11:11:46 AM com.oop.cwk.TicketPool addTickets
INFO: Ticket No9
Oct 22, 2024 11:11:46 AM com.oop.cwk.TicketPool addTickets
INFO: Ticket No9
Oct 22, 2024 11:11:46 AM com.oop.cwk.TicketPool addTickets
INFO: Ticket No9
Oct 22, 2024 11:11:47 AM com.oop.cwk.TicketPool addTickets
INFO: Ticket No10
Oct 22, 2024 11:11:47 AM com.oop.cwk.TicketPool addTickets
INFO: Ticket No10
Oct 22, 2024 11:11:47 AM com.oop.cwk.TicketPool addTickets
INFO: Ticket No10
Oct 22, 2024 11:11:47 AM com.oop.cwk.TicketPool addTickets
INFO: Ticket No11
Oct 22, 2024 11:11:47 AM com.oop.cwk.TicketPool addTickets
INFO: Ticket No11
Oct 22, 2024 11:11:47 AM com.oop.cwk.TicketPool addTickets
INFO: Ticket No11
Oct 22, 2024 11:11:47 AM com.oop.cwk.TicketPool addTickets
INFO: Ticket No12
Oct 22, 2024 11:11:47 AM com.oop.cwk.TicketPool addTickets
INFO: Ticket No12
Oct 22, 2024 11:11:47 AM com.oop.cwk.TicketPool addTickets
INFO: Ticket No12
Oct 22, 2024 11:11:47 AM com.oop.cwk.TicketPool addTickets
INFO: Ticket No13
Oct 22, 2024 11:11:47 AM com.oop.cwk.TicketPool addTickets
INFO: Ticket No13
Oct 22, 2024 11:11:47 AM com.oop.cwk.TicketPool addTickets
INFO: Ticket No13
Oct 22, 2024 11:11:48 AM com.oop.cwk.TicketPool addTickets
INFO: Ticket No14
Oct 22, 2024 11:11:48 AM com.oop.cwk.TicketPool addTickets
INFO: Ticket No14
Oct 22, 2024 11:11:48 AM com.oop.cwk.TicketPool addTickets
INFO: Ticket No14
Oct 22, 2024 11:11:48 AM com.oop.cwk.TicketPool addTickets
INFO: Ticket No15
Oct 22, 2024 11:11:48 AM com.oop.cwk.TicketPool addTickets
INFO: Ticket No15
Oct 22, 2024 11:11:48 AM com.oop.cwk.TicketPool addTickets
INFO: Ticket No15
Oct 22, 2024 11:11:49 AM com.oop.cwk.TicketPool addTickets
INFO: Ticket No16
Oct 22, 2024 11:11:49 AM com.oop.cwk.TicketPool addTickets
INFO: Ticket No16
Oct 22, 2024 11:11:49 AM com.oop.cwk.TicketPool addTickets
INFO: Ticket No16
Oct 22, 2024 11:11:49 AM com.oop.cwk.TicketPool addTickets
INFO: Ticket No17
Oct 22, 2024 11:11:49 AM com.oop.cwk.TicketPool addTickets
INFO: Ticket No17
Oct 22, 2024 11:11:49 AM com.oop.cwk.TicketPool addTickets
INFO: Ticket No17
Oct 22, 2024 11:11:49 AM com.oop.cwk.TicketPool addTickets
INFO: Ticket No18
Oct 22, 2024 11:11:49 AM com.oop.cwk.TicketPool addTickets
INFO: Ticket No18
Oct 22, 2024 11:11:49 AM com.oop.cwk.TicketPool addTickets
INFO: Ticket No18
Oct 22, 2024 11:11:49 AM com.oop.cwk.TicketPool addTickets
INFO: Ticket No19
Oct 22, 2024 11:11:49 AM com.oop.cwk.TicketPool addTickets
INFO: Ticket No19
Oct 22, 2024 11:11:49 AM com.oop.cwk.TicketPool addTickets
INFO: Ticket No19
Oct 22, 2024 11:11:49 AM com.oop.cwk.TicketPool addTickets
INFO: Ticket No20
Oct 22, 2024 11:11:49 AM com.oop.cwk.TicketPool addTickets
INFO: Ticket No20
Oct 22, 2024 11:11:49 AM com.oop.cwk.TicketPool addTickets
INFO: Ticket No20
Oct 22, 2024 11:11:49 AM com.oop.cwk.TicketPool addTickets
INFO: Ticket No21
Oct 22, 2024 11:11:49 AM com.oop.cwk.TicketPool addTickets
INFO: Ticket No21
Oct 22, 2024 11:11:49 AM com.oop.cwk.TicketPool addTickets
INFO: Ticket No21
Oct 22, 2024 11:11:49 AM com.oop.cwk.TicketPool addTickets
INFO: Ticket No22
Oct 22, 2024 11:11:49 AM com.oop.cwk.TicketPool addTickets
INFO: Ticket No22
Oct 22, 2024 11:11:49 AM com.oop.cwk.TicketPool addTickets
INFO: Ticket No22
Oct 22, 2024 11:11:49 AM com.oop.cwk.TicketPool addTickets
INFO: Ticket No23
Oct 22, 2024 11:11:49 AM com.oop.cwk.TicketPool addTickets
INFO: Ticket No23
Oct 22, 2024 11:11:49 AM com.oop.cwk.TicketPool addTickets
INFO: Ticket No23
Oct 22, 2024 11:11:49 AM com.oop.cwk.TicketPool addTickets
INFO: Ticket No24
Oct 22, 2024 11:11:49 AM com.oop.cwk.TicketPool addTickets
INFO: Ticket No24
Oct 22, 2024 11:11:49 AM com.oop.cwk.TicketPool addTickets
INFO: Ticket No24
Oct 22, 2024 11:11:50 AM com.oop.cwk.TicketPool addTickets
INFO: Ticket No25
Oct 22, 2024 11:11:50 AM com.oop.cwk.TicketPool addTickets
INFO: Ticket No25
Oct 22, 2024 11:11:50 AM com.oop.cwk.TicketPool addTickets
INFO: Ticket No25
Oct 22, 2024 11:11:51 AM com.oop.cwk.TicketPool addTickets
INFO: Ticket No26
Oct 22, 2024 11:11:51 AM com.oop.cwk.TicketPool addTickets
INFO: Ticket No26
Oct 22, 2024 11:11:51 AM com.oop.cwk.TicketPool addTickets
INFO: Ticket No26
Oct 22, 2024 11:11:51 AM com.oop.cwk.TicketPool addTickets
INFO: Ticket No27
Oct 22, 2024 11:11:51 AM com.oop.cwk.TicketPool addTickets
INFO: Ticket No27
Oct 22, 2024 11:11:51 AM com.oop.cwk.TicketPool addTickets
INFO: Ticket No27
Oct 22, 2024 11:11:51 AM com.oop.cwk.TicketPool addTickets
INFO: Ticket No28
Oct 22, 2024 11:11:51 AM com.oop.cwk.TicketPool addTickets
INFO: Ticket No29
Oct 22, 2024 11:11:51 AM com.oop.cwk.TicketPool addTickets
INFO: Ticket No28
Oct 22, 2024 11:11:51 AM com.oop.cwk.TicketPool addTickets
INFO: Ticket No28
Oct 22, 2024 11:11:51 AM com.oop.cwk.TicketPool addTickets
INFO: Ticket No29
Oct 22, 2024 11:11:51 AM com.oop.cwk.TicketPool addTickets
INFO: Ticket No30
Oct 22, 2024 11:11:51 AM com.oop.cwk.TicketPool addTickets
INFO: Ticket No29
Oct 22, 2024 11:11:51 AM com.oop.cwk.TicketPool addTickets
INFO: Ticket No31
Oct 22, 2024 11:11:51 AM com.oop.cwk.TicketPool addTickets
INFO: Ticket No30
Oct 22, 2024 11:11:51 AM com.oop.cwk.TicketPool addTickets
INFO: Ticket No30
Oct 22, 2024 11:11:52 AM com.oop.cwk.TicketPool addTickets
INFO: Ticket No31
Oct 22, 2024 11:11:52 AM com.oop.cwk.TicketPool addTickets
INFO: Ticket No31
Oct 22, 2024 11:15:30 AM com.oop.cwk.TicketPool addTickets
INFO: Ticket No2
Oct 22, 2024 11:15:30 AM com.oop.cwk.TicketPool addTickets
INFO: Ticket No2
Oct 22, 2024 11:15:30 AM com.oop.cwk.TicketPool addTickets
INFO: Ticket No2
Oct 22, 2024 11:15:31 AM com.oop.cwk.TicketPool addTickets
INFO: Ticket No3
Oct 22, 2024 11:15:31 AM com.oop.cwk.TicketPool addTickets
INFO: Ticket No3
Oct 22, 2024 11:15:31 AM com.oop.cwk.TicketPool addTickets
INFO: Ticket No3
Oct 22, 2024 11:15:31 AM com.oop.cwk.TicketPool addTickets
INFO: Ticket No4
Oct 22, 2024 11:15:31 AM com.oop.cwk.TicketPool addTickets
INFO: Ticket No4
Oct 22, 2024 11:15:31 AM com.oop.cwk.TicketPool addTickets
INFO: Ticket No4
Oct 22, 2024 11:15:31 AM com.oop.cwk.TicketPool addTickets
INFO: Ticket No5
Oct 22, 2024 11:15:31 AM com.oop.cwk.TicketPool addTickets
INFO: Ticket No5
Oct 22, 2024 11:15:31 AM com.oop.cwk.TicketPool addTickets
INFO: Ticket No5
Oct 22, 2024 11:15:31 AM com.oop.cwk.TicketPool addTickets
INFO: Ticket No6
Oct 22, 2024 11:15:31 AM com.oop.cwk.TicketPool addTickets
INFO: Ticket No6
Oct 22, 2024 11:15:31 AM com.oop.cwk.TicketPool addTickets
INFO: Ticket No6
Oct 22, 2024 11:15:31 AM com.oop.cwk.TicketPool addTickets
INFO: Ticket No7
Oct 22, 2024 11:15:31 AM com.oop.cwk.TicketPool addTickets
INFO: Ticket No7
Oct 22, 2024 11:15:31 AM com.oop.cwk.TicketPool addTickets
INFO: Ticket No7
Oct 22, 2024 11:15:32 AM com.oop.cwk.TicketPool addTickets
INFO: Ticket No8
Oct 22, 2024 11:15:32 AM com.oop.cwk.TicketPool addTickets
INFO: Ticket No8
Oct 22, 2024 11:15:32 AM com.oop.cwk.TicketPool addTickets
INFO: Ticket No8
Oct 22, 2024 11:15:32 AM com.oop.cwk.TicketPool addTickets
INFO: Ticket No9
Oct 22, 2024 11:15:32 AM com.oop.cwk.TicketPool addTickets
INFO: Ticket No9
Oct 22, 2024 11:15:32 AM com.oop.cwk.TicketPool addTickets
INFO: Ticket No9
Oct 22, 2024 11:15:32 AM com.oop.cwk.TicketPool addTickets
INFO: Ticket No10
Oct 22, 2024 11:15:32 AM com.oop.cwk.TicketPool addTickets
INFO: Ticket No10
Oct 22, 2024 11:15:32 AM com.oop.cwk.TicketPool addTickets
INFO: Ticket No10
Oct 22, 2024 11:15:32 AM com.oop.cwk.TicketPool addTickets
INFO: Ticket No11
Oct 22, 2024 11:15:32 AM com.oop.cwk.TicketPool addTickets
INFO: Ticket No11
Oct 22, 2024 11:15:32 AM com.oop.cwk.TicketPool addTickets
INFO: Ticket No11
Oct 22, 2024 11:16:21 AM com.oop.cwk.TicketPool addTickets
INFO: Ticket No2
Oct 22, 2024 11:16:21 AM com.oop.cwk.TicketPool addTickets
INFO: Ticket No2
Oct 22, 2024 11:16:21 AM com.oop.cwk.TicketPool addTickets
INFO: Ticket No2
Oct 22, 2024 11:16:21 AM com.oop.cwk.TicketPool addTickets
INFO: Ticket No3
Oct 22, 2024 11:16:21 AM com.oop.cwk.TicketPool addTickets
INFO: Ticket No3
Oct 22, 2024 11:16:21 AM com.oop.cwk.TicketPool addTickets
INFO: Ticket No3
Oct 22, 2024 11:16:21 AM com.oop.cwk.TicketPool addTickets
INFO: Ticket No4
Oct 22, 2024 11:16:21 AM com.oop.cwk.TicketPool addTickets
INFO: Ticket No4
Oct 22, 2024 11:16:21 AM com.oop.cwk.TicketPool addTickets
INFO: Ticket No4
Oct 22, 2024 11:16:21 AM com.oop.cwk.TicketPool addTickets
INFO: Ticket No5
Oct 22, 2024 11:16:21 AM com.oop.cwk.TicketPool addTickets
INFO: Ticket No5
Oct 22, 2024 11:16:21 AM com.oop.cwk.TicketPool addTickets
INFO: Ticket No5
Oct 22, 2024 11:16:22 AM com.oop.cwk.TicketPool addTickets
INFO: Ticket No6
Oct 22, 2024 11:16:22 AM com.oop.cwk.TicketPool addTickets
INFO: Ticket No6
Oct 22, 2024 11:16:22 AM com.oop.cwk.TicketPool addTickets
INFO: Ticket No6
Oct 22, 2024 11:16:22 AM com.oop.cwk.TicketPool addTickets
INFO: Ticket No7
Oct 22, 2024 11:16:22 AM com.oop.cwk.TicketPool addTickets
INFO: Ticket No7
Oct 22, 2024 11:16:22 AM com.oop.cwk.TicketPool addTickets
INFO: Ticket No7
Oct 22, 2024 11:16:22 AM com.oop.cwk.TicketPool addTickets
INFO: Ticket No8
Oct 22, 2024 11:16:22 AM com.oop.cwk.TicketPool addTickets
INFO: Ticket No8
Oct 22, 2024 11:16:22 AM com.oop.cwk.TicketPool addTickets
INFO: Ticket No8
Oct 22, 2024 11:16:22 AM com.oop.cwk.TicketPool addTickets
INFO: Ticket No9
Oct 22, 2024 11:16:22 AM com.oop.cwk.TicketPool addTickets
INFO: Ticket No9
Oct 22, 2024 11:16:22 AM com.oop.cwk.TicketPool addTickets
INFO: Ticket No9
Oct 22, 2024 11:16:23 AM com.oop.cwk.TicketPool addTickets
INFO: Ticket No10
Oct 22, 2024 11:16:23 AM com.oop.cwk.TicketPool addTickets
INFO: Ticket No10
Oct 22, 2024 11:16:23 AM com.oop.cwk.TicketPool addTickets
INFO: Ticket No10
Oct 22, 2024 11:16:23 AM com.oop.cwk.TicketPool addTickets
INFO: Ticket No11
Oct 22, 2024 11:16:23 AM com.oop.cwk.TicketPool addTickets
INFO: Ticket No11
Oct 22, 2024 11:16:23 AM com.oop.cwk.TicketPool addTickets
INFO: Ticket No11
Oct 22, 2024 11:18:15 AM com.oop.cwk.TicketPool addTickets
INFO: Ticket No2
Oct 22, 2024 11:18:15 AM com.oop.cwk.TicketPool addTickets
INFO: Ticket No2
Oct 22, 2024 11:18:15 AM com.oop.cwk.TicketPool addTickets
INFO: Ticket No2
Oct 22, 2024 11:18:15 AM com.oop.cwk.TicketPool addTickets
INFO: Ticket No3
Oct 22, 2024 11:18:15 AM com.oop.cwk.TicketPool addTickets
INFO: Ticket No3
Oct 22, 2024 11:18:15 AM com.oop.cwk.TicketPool addTickets
INFO: Ticket No3
Oct 22, 2024 11:18:15 AM com.oop.cwk.TicketPool addTickets
INFO: Ticket No4
Oct 22, 2024 11:18:15 AM com.oop.cwk.TicketPool addTickets
INFO: Ticket No4
Oct 22, 2024 11:18:15 AM com.oop.cwk.TicketPool addTickets
INFO: Ticket No4
Oct 22, 2024 11:18:15 AM com.oop.cwk.TicketPool addTickets
INFO: Ticket No5
Oct 22, 2024 11:18:15 AM com.oop.cwk.TicketPool addTickets
INFO: Ticket No5
Oct 22, 2024 11:18:15 AM com.oop.cwk.TicketPool addTickets
INFO: Ticket No5
Oct 22, 2024 11:18:16 AM com.oop.cwk.TicketPool addTickets
INFO: Ticket No6
Oct 22, 2024 11:18:16 AM com.oop.cwk.TicketPool addTickets
INFO: Ticket No6
Oct 22, 2024 11:18:16 AM com.oop.cwk.TicketPool addTickets
INFO: Ticket No6
Oct 22, 2024 11:18:16 AM com.oop.cwk.TicketPool addTickets
INFO: Ticket No7
Oct 22, 2024 11:18:16 AM com.oop.cwk.TicketPool addTickets
INFO: Ticket No7
Oct 22, 2024 11:18:16 AM com.oop.cwk.TicketPool addTickets
INFO: Ticket No7
Oct 22, 2024 11:18:16 AM com.oop.cwk.TicketPool addTickets
INFO: Ticket No8
Oct 22, 2024 11:18:16 AM com.oop.cwk.TicketPool addTickets
INFO: Ticket No8
Oct 22, 2024 11:18:16 AM com.oop.cwk.TicketPool addTickets
INFO: Ticket No8
Oct 22, 2024 11:18:16 AM com.oop.cwk.TicketPool addTickets
INFO: Ticket No9
Oct 22, 2024 11:18:16 AM com.oop.cwk.TicketPool addTickets
INFO: Ticket No9
Oct 22, 2024 11:18:16 AM com.oop.cwk.TicketPool addTickets
INFO: Ticket No9
Oct 22, 2024 11:18:17 AM com.oop.cwk.TicketPool addTickets
INFO: Ticket No10
Oct 22, 2024 11:18:17 AM com.oop.cwk.TicketPool addTickets
INFO: Ticket No10
Oct 22, 2024 11:18:17 AM com.oop.cwk.TicketPool addTickets
INFO: Ticket No10
Oct 22, 2024 11:18:17 AM com.oop.cwk.TicketPool addTickets
INFO: Ticket No11
Oct 22, 2024 11:18:17 AM com.oop.cwk.TicketPool addTickets
INFO: Ticket No11
Oct 22, 2024 11:18:17 AM com.oop.cwk.TicketPool addTickets
INFO: Ticket No11
Oct 22, 2024 11:19:43 AM com.oop.cwk.TicketPool addTickets
INFO: Ticket No2
Oct 22, 2024 11:19:43 AM com.oop.cwk.TicketPool addTickets
INFO: Ticket No2
Oct 22, 2024 11:19:43 AM com.oop.cwk.TicketPool addTickets
INFO: Ticket No2
Oct 22, 2024 11:19:43 AM com.oop.cwk.TicketPool addTickets
INFO: Ticket No3
Oct 22, 2024 11:19:43 AM com.oop.cwk.TicketPool addTickets
INFO: Ticket No3
Oct 22, 2024 11:19:43 AM com.oop.cwk.TicketPool addTickets
INFO: Ticket No3
Oct 22, 2024 11:19:43 AM com.oop.cwk.TicketPool addTickets
INFO: Ticket No4
Oct 22, 2024 11:19:43 AM com.oop.cwk.TicketPool addTickets
INFO: Ticket No4
Oct 22, 2024 11:19:43 AM com.oop.cwk.TicketPool addTickets
INFO: Ticket No4
Oct 22, 2024 11:19:43 AM com.oop.cwk.TicketPool addTickets
INFO: Ticket No5
Oct 22, 2024 11:19:43 AM com.oop.cwk.TicketPool addTickets
INFO: Ticket No5
Oct 22, 2024 11:19:43 AM com.oop.cwk.TicketPool addTickets
INFO: Ticket No5
Oct 22, 2024 11:19:44 AM com.oop.cwk.TicketPool addTickets
INFO: Ticket No6
Oct 22, 2024 11:19:44 AM com.oop.cwk.TicketPool addTickets
INFO: Ticket No6
Oct 22, 2024 11:19:44 AM com.oop.cwk.TicketPool addTickets
INFO: Ticket No6
Oct 22, 2024 11:19:44 AM com.oop.cwk.TicketPool addTickets
INFO: Ticket No7
Oct 22, 2024 11:19:44 AM com.oop.cwk.TicketPool addTickets
INFO: Ticket No7
Oct 22, 2024 11:19:44 AM com.oop.cwk.TicketPool addTickets
INFO: Ticket No7
Oct 22, 2024 11:19:44 AM com.oop.cwk.TicketPool addTickets
INFO: Ticket No8
Oct 22, 2024 11:19:44 AM com.oop.cwk.TicketPool addTickets
INFO: Ticket No8
Oct 22, 2024 11:19:44 AM com.oop.cwk.TicketPool addTickets
INFO: Ticket No8
Oct 22, 2024 11:19:44 AM com.oop.cwk.TicketPool addTickets
INFO: Ticket No9
Oct 22, 2024 11:19:44 AM com.oop.cwk.TicketPool addTickets
INFO: Ticket No9
Oct 22, 2024 11:19:44 AM com.oop.cwk.TicketPool addTickets
INFO: Ticket No9
Oct 22, 2024 11:19:45 AM com.oop.cwk.TicketPool addTickets
INFO: Ticket No10
Oct 22, 2024 11:19:45 AM com.oop.cwk.TicketPool addTickets
INFO: Ticket No10
Oct 22, 2024 11:19:45 AM com.oop.cwk.TicketPool addTickets
INFO: Ticket No10
Oct 22, 2024 11:19:45 AM com.oop.cwk.TicketPool addTickets
INFO: Ticket No11
Oct 22, 2024 11:19:45 AM com.oop.cwk.TicketPool addTickets
INFO: Ticket No11
Oct 22, 2024 11:19:45 AM com.oop.cwk.TicketPool addTickets
INFO: Ticket No11
Oct 22, 2024 11:22:12 AM com.oop.cwk.TicketPool addTickets
INFO: Ticket No2
Oct 22, 2024 11:22:12 AM com.oop.cwk.TicketPool addTickets
INFO: Ticket No2
Oct 22, 2024 11:22:12 AM com.oop.cwk.TicketPool addTickets
INFO: Ticket No2
Oct 22, 2024 11:22:12 AM com.oop.cwk.TicketPool addTickets
INFO: Ticket No3
Oct 22, 2024 11:22:12 AM com.oop.cwk.TicketPool addTickets
INFO: Ticket No3
Oct 22, 2024 11:22:12 AM com.oop.cwk.TicketPool addTickets
INFO: Ticket No3
Oct 22, 2024 11:22:12 AM com.oop.cwk.TicketPool addTickets
INFO: Ticket No4
Oct 22, 2024 11:22:12 AM com.oop.cwk.TicketPool addTickets
INFO: Ticket No4
Oct 22, 2024 11:22:12 AM com.oop.cwk.TicketPool addTickets
INFO: Ticket No4
Oct 22, 2024 11:22:12 AM com.oop.cwk.TicketPool addTickets
INFO: Ticket No5
Oct 22, 2024 11:22:12 AM com.oop.cwk.TicketPool addTickets
INFO: Ticket No5
Oct 22, 2024 11:22:12 AM com.oop.cwk.TicketPool addTickets
INFO: Ticket No5
Oct 22, 2024 11:22:13 AM com.oop.cwk.TicketPool addTickets
INFO: Ticket No6
Oct 22, 2024 11:22:13 AM com.oop.cwk.TicketPool addTickets
INFO: Ticket No6
Oct 22, 2024 11:22:13 AM com.oop.cwk.TicketPool addTickets
INFO: Ticket No6
Oct 22, 2024 11:22:13 AM com.oop.cwk.TicketPool addTickets
INFO: Ticket No7
Oct 22, 2024 11:22:13 AM com.oop.cwk.TicketPool addTickets
INFO: Ticket No7
Oct 22, 2024 11:22:13 AM com.oop.cwk.TicketPool addTickets
INFO: Ticket No7
Oct 22, 2024 11:22:13 AM com.oop.cwk.TicketPool addTickets
INFO: Ticket No8
Oct 22, 2024 11:22:13 AM com.oop.cwk.TicketPool addTickets
INFO: Ticket No8
Oct 22, 2024 11:22:13 AM com.oop.cwk.TicketPool addTickets
INFO: Ticket No8
Oct 22, 2024 11:22:13 AM com.oop.cwk.TicketPool addTickets
INFO: Ticket No9
Oct 22, 2024 11:22:13 AM com.oop.cwk.TicketPool addTickets
INFO: Ticket No9
Oct 22, 2024 11:22:13 AM com.oop.cwk.TicketPool addTickets
INFO: Ticket No9
Oct 22, 2024 11:22:14 AM com.oop.cwk.TicketPool addTickets
INFO: Ticket No10
Oct 22, 2024 11:22:14 AM com.oop.cwk.TicketPool addTickets
INFO: Ticket No10
Oct 22, 2024 11:22:14 AM com.oop.cwk.TicketPool addTickets
INFO: Ticket No10
Oct 22, 2024 11:22:14 AM com.oop.cwk.TicketPool addTickets
INFO: Ticket No11
Oct 22, 2024 11:22:14 AM com.oop.cwk.TicketPool addTickets
INFO: Ticket No11
Oct 22, 2024 11:22:14 AM com.oop.cwk.TicketPool addTickets
INFO: Ticket No11
Oct 22, 2024 11:25:05 AM com.oop.cwk.TicketPool addTickets
INFO: Ticket No 1Added by 2
Oct 22, 2024 11:25:05 AM com.oop.cwk.TicketPool addTickets
INFO: Ticket No 1Added by 1
Oct 22, 2024 11:25:05 AM com.oop.cwk.TicketPool addTickets
INFO: Ticket No 1Added by 3
Oct 22, 2024 11:25:05 AM com.oop.cwk.TicketPool addTickets
INFO: Ticket No2
Oct 22, 2024 11:25:05 AM com.oop.cwk.TicketPool addTickets
INFO: Ticket No2
Oct 22, 2024 11:25:05 AM com.oop.cwk.TicketPool addTickets
INFO: Ticket No2
Oct 22, 2024 11:25:05 AM com.oop.cwk.TicketPool addTickets
INFO: Ticket No 2Added by 2
Oct 22, 2024 11:25:05 AM com.oop.cwk.TicketPool addTickets
INFO: Ticket No 2Added by 3
Oct 22, 2024 11:25:05 AM com.oop.cwk.TicketPool addTickets
INFO: Ticket No 2Added by 1
Oct 22, 2024 11:25:05 AM com.oop.cwk.TicketPool addTickets
INFO: Ticket No3
Oct 22, 2024 11:25:05 AM com.oop.cwk.TicketPool addTickets
INFO: Ticket No3
Oct 22, 2024 11:25:05 AM com.oop.cwk.TicketPool addTickets
INFO: Ticket No3
Oct 22, 2024 11:25:05 AM com.oop.cwk.TicketPool addTickets
INFO: Ticket No 3Added by 2
Oct 22, 2024 11:25:05 AM com.oop.cwk.TicketPool addTickets
INFO: Ticket No 3Added by 3
Oct 22, 2024 11:25:05 AM com.oop.cwk.TicketPool addTickets
INFO: Ticket No 3Added by 1
Oct 22, 2024 11:25:05 AM com.oop.cwk.TicketPool addTickets
INFO: Ticket No4
Oct 22, 2024 11:25:05 AM com.oop.cwk.TicketPool addTickets
INFO: Ticket No4
Oct 22, 2024 11:25:05 AM com.oop.cwk.TicketPool addTickets
INFO: Ticket No4
Oct 22, 2024 11:25:05 AM com.oop.cwk.TicketPool addTickets
INFO: Ticket No 4Added by 1
Oct 22, 2024 11:25:05 AM com.oop.cwk.TicketPool addTickets
INFO: Ticket No 4Added by 3
Oct 22, 2024 11:25:05 AM com.oop.cwk.TicketPool addTickets
INFO: Ticket No 4Added by 2
Oct 22, 2024 11:25:05 AM com.oop.cwk.TicketPool addTickets
INFO: Ticket No5
Oct 22, 2024 11:25:05 AM com.oop.cwk.TicketPool addTickets
INFO: Ticket No5
Oct 22, 2024 11:25:05 AM com.oop.cwk.TicketPool addTickets
INFO: Ticket No5
Oct 22, 2024 11:25:05 AM com.oop.cwk.TicketPool removeTicket
INFO: Ticket No 1of event  1bought by 5
Oct 22, 2024 11:25:05 AM com.oop.cwk.TicketPool removeTicket
INFO: Ticket No 1of event  3bought by 5
Oct 22, 2024 11:25:05 AM com.oop.cwk.TicketPool removeTicket
INFO: Ticket No 1of event  2bought by 5
Oct 22, 2024 11:25:05 AM com.oop.cwk.TicketPool removeTicket
INFO: Ticket No 2of event  3bought by 4
Oct 22, 2024 11:25:05 AM com.oop.cwk.TicketPool removeTicket
INFO: Ticket No 2of event  1bought by 4
Oct 22, 2024 11:25:05 AM com.oop.cwk.TicketPool removeTicket
INFO: Ticket No 2of event  2bought by 4
Oct 22, 2024 11:25:06 AM com.oop.cwk.TicketPool removeTicket
INFO: Ticket No 3of event  1bought by 3
Oct 22, 2024 11:25:06 AM com.oop.cwk.TicketPool removeTicket
INFO: Ticket No 3of event  3bought by 3
Oct 22, 2024 11:25:06 AM com.oop.cwk.TicketPool removeTicket
INFO: Ticket No 3of event  2bought by 4
Oct 22, 2024 11:25:06 AM com.oop.cwk.TicketPool removeTicket
INFO: Ticket No 4of event  2bought by 3
Oct 22, 2024 11:25:06 AM com.oop.cwk.TicketPool removeTicket
INFO: Ticket No 4of event  1bought by 3
Oct 22, 2024 11:25:06 AM com.oop.cwk.TicketPool removeTicket
INFO: Ticket No 4of event  3bought by 3
Oct 22, 2024 11:25:06 AM com.oop.cwk.TicketPool addTickets
INFO: Ticket No 5Added by 3
Oct 22, 2024 11:25:06 AM com.oop.cwk.TicketPool addTickets
INFO: Ticket No6
Oct 22, 2024 11:25:06 AM com.oop.cwk.TicketPool addTickets
INFO: Ticket No 5Added by 1
Oct 22, 2024 11:25:06 AM com.oop.cwk.TicketPool addTickets
INFO: Ticket No6
Oct 22, 2024 11:25:06 AM com.oop.cwk.TicketPool addTickets
INFO: Ticket No 5Added by 2
Oct 22, 2024 11:25:06 AM com.oop.cwk.TicketPool addTickets
INFO: Ticket No6
Oct 22, 2024 11:25:06 AM com.oop.cwk.TicketPool addTickets
INFO: Ticket No 6Added by 3
Oct 22, 2024 11:25:06 AM com.oop.cwk.TicketPool addTickets
INFO: Ticket No 6Added by 1
Oct 22, 2024 11:25:06 AM com.oop.cwk.TicketPool addTickets
INFO: Ticket No 6Added by 2
Oct 22, 2024 11:25:06 AM com.oop.cwk.TicketPool addTickets
INFO: Ticket No7
Oct 22, 2024 11:25:06 AM com.oop.cwk.TicketPool addTickets
INFO: Ticket No7
Oct 22, 2024 11:25:06 AM com.oop.cwk.TicketPool addTickets
INFO: Ticket No7
Oct 22, 2024 11:25:06 AM com.oop.cwk.TicketPool addTickets
INFO: Ticket No 7Added by 2
Oct 22, 2024 11:25:06 AM com.oop.cwk.TicketPool addTickets
INFO: Ticket No 7Added by 1
Oct 22, 2024 11:25:06 AM com.oop.cwk.TicketPool addTickets
INFO: Ticket No8
Oct 22, 2024 11:25:06 AM com.oop.cwk.TicketPool addTickets
INFO: Ticket No 7Added by 3
Oct 22, 2024 11:25:06 AM com.oop.cwk.TicketPool addTickets
INFO: Ticket No8
Oct 22, 2024 11:25:06 AM com.oop.cwk.TicketPool addTickets
INFO: Ticket No8
Oct 22, 2024 11:25:06 AM com.oop.cwk.TicketPool addTickets
INFO: Ticket No 8Added by 2
Oct 22, 2024 11:25:06 AM com.oop.cwk.TicketPool addTickets
INFO: Ticket No 8Added by 1
Oct 22, 2024 11:25:06 AM com.oop.cwk.TicketPool addTickets
INFO: Ticket No 8Added by 3
Oct 22, 2024 11:25:06 AM com.oop.cwk.TicketPool addTickets
INFO: Ticket No9
Oct 22, 2024 11:25:06 AM com.oop.cwk.TicketPool addTickets
INFO: Ticket No9
Oct 22, 2024 11:25:06 AM com.oop.cwk.TicketPool addTickets
INFO: Ticket No9
Oct 22, 2024 11:25:06 AM com.oop.cwk.TicketPool removeTicket
INFO: Ticket No 5of event  2bought by 3
Oct 22, 2024 11:25:06 AM com.oop.cwk.TicketPool removeTicket
INFO: Ticket No 5of event  3bought by 3
Oct 22, 2024 11:25:06 AM com.oop.cwk.TicketPool removeTicket
INFO: Ticket No 5of event  1bought by 3
Oct 22, 2024 11:25:06 AM com.oop.cwk.TicketPool removeTicket
INFO: Ticket No 6of event  2bought by 5
Oct 22, 2024 11:25:06 AM com.oop.cwk.TicketPool removeTicket
INFO: Ticket No 6of event  1bought by 5
Oct 22, 2024 11:25:06 AM com.oop.cwk.TicketPool removeTicket
INFO: Ticket No 6of event  3bought by 3
Oct 22, 2024 11:25:06 AM com.oop.cwk.TicketPool removeTicket
INFO: Ticket No 7of event  2bought by 5
Oct 22, 2024 11:25:06 AM com.oop.cwk.TicketPool removeTicket
INFO: Ticket No 7of event  3bought by 3
Oct 22, 2024 11:25:06 AM com.oop.cwk.TicketPool removeTicket
INFO: Ticket No 7of event  1bought by 4
Oct 22, 2024 11:25:07 AM com.oop.cwk.TicketPool removeTicket
INFO: Ticket No 8of event  1bought by 4
Oct 22, 2024 11:25:07 AM com.oop.cwk.TicketPool removeTicket
INFO: Ticket No 8of event  3bought by 5
Oct 22, 2024 11:25:07 AM com.oop.cwk.TicketPool removeTicket
INFO: Ticket No 8of event  2bought by 5
Oct 22, 2024 11:25:07 AM com.oop.cwk.TicketPool addTickets
INFO: Ticket No 9Added by 1
Oct 22, 2024 11:25:07 AM com.oop.cwk.TicketPool addTickets
INFO: Ticket No 9Added by 3
Oct 22, 2024 11:25:07 AM com.oop.cwk.TicketPool addTickets
INFO: Ticket No 9Added by 2
Oct 22, 2024 11:25:07 AM com.oop.cwk.TicketPool addTickets
INFO: Ticket No10
Oct 22, 2024 11:25:07 AM com.oop.cwk.TicketPool addTickets
INFO: Ticket No10
Oct 22, 2024 11:25:07 AM com.oop.cwk.TicketPool addTickets
INFO: Ticket No10
Oct 22, 2024 11:25:07 AM com.oop.cwk.TicketPool addTickets
INFO: Ticket No 10Added by 3
Oct 22, 2024 11:25:07 AM com.oop.cwk.TicketPool addTickets
INFO: Ticket No 10Added by 1
Oct 22, 2024 11:25:07 AM com.oop.cwk.TicketPool addTickets
INFO: Ticket No11
Oct 22, 2024 11:25:07 AM com.oop.cwk.TicketPool addTickets
INFO: Ticket No 10Added by 2
Oct 22, 2024 11:25:07 AM com.oop.cwk.TicketPool addTickets
INFO: Ticket No11
Oct 22, 2024 11:25:07 AM com.oop.cwk.TicketPool addTickets
INFO: Ticket No11
Oct 22, 2024 11:25:07 AM com.oop.cwk.TicketPool removeTicket
INFO: Ticket No 9of event  2bought by 5
Oct 22, 2024 11:25:07 AM com.oop.cwk.TicketPool removeTicket
INFO: Ticket No 9of event  3bought by 5
Oct 22, 2024 11:25:07 AM com.oop.cwk.TicketPool removeTicket
INFO: Ticket No 9of event  1bought by 4
Oct 22, 2024 11:25:07 AM com.oop.cwk.TicketPool removeTicket
INFO: Ticket No 10of event  1bought by 4
Oct 22, 2024 11:25:07 AM com.oop.cwk.TicketPool removeTicket
INFO: Ticket No 10of event  2bought by 5
Oct 22, 2024 11:25:07 AM com.oop.cwk.TicketPool removeTicket
INFO: Ticket No 10of event  3bought by 5
